<?xml version="1.0" encoding="utf-8"?>
<CoverageSession xmlns:xsd="http://www.w3.org/2001/XMLSchema" xmlns:xsi="http://www.w3.org/2001/XMLSchema-instance" Version="0.0.0.0">
  <Summary numSequencePoints="0" visitedSequencePoints="0" numBranchPoints="0" visitedBranchPoints="0" sequenceCoverage="0" branchCoverage="0" maxCyclomaticComplexity="0" minCyclomaticComplexity="0" maxCrapScore="0" minCrapScore="0" visitedClasses="0" numClasses="0" visitedMethods="0" numMethods="0" />
  <Modules>
    <Module>
      <Summary numSequencePoints="0" visitedSequencePoints="0" numBranchPoints="0" visitedBranchPoints="0" sequenceCoverage="0" branchCoverage="0" maxCyclomaticComplexity="0" minCyclomaticComplexity="0" maxCrapScore="0" minCrapScore="0" visitedClasses="0" numClasses="0" visitedMethods="0" numMethods="0" />
      <ModuleTime>0001-01-01T00:00:00</ModuleTime>
      <ModuleName>HackingGame</ModuleName>
      <Files>
        <File uid="1" fullPath="E:\source\GameDev101Jam\GameDev101Jam\Assets\Scripts\ConnectLineBehaviour.cs" />
        <File uid="2" fullPath="E:\source\GameDev101Jam\GameDev101Jam\Assets\Scripts\Controls\PhysicsPointerBehaviour.cs" />
        <File uid="3" fullPath="E:\source\GameDev101Jam\GameDev101Jam\Assets\Scripts\Controls\PointerSelectionBehaviour.cs" />
        <File uid="4" fullPath="E:\source\GameDev101Jam\GameDev101Jam\Assets\Scripts\Controls\SelectableBehaviour.cs" />
        <File uid="5" fullPath="E:\source\GameDev101Jam\GameDev101Jam\Assets\Scripts\Extensions\DictionaryExtensions.cs" />
        <File uid="6" fullPath="E:\source\GameDev101Jam\GameDev101Jam\Assets\Scripts\GameCpu\GameCpu.cs" />
        <File uid="7" fullPath="E:\source\GameDev101Jam\GameDev101Jam\Assets\Scripts\GameCpu\GameCpuChip.cs" />
        <File uid="8" fullPath="E:\source\GameDev101Jam\GameDev101Jam\Assets\Scripts\GameKey\GameKey.cs" />
        <File uid="9" fullPath="E:\source\GameDev101Jam\GameDev101Jam\Assets\Scripts\GameKey\GameKeyGenerator.cs" />
        <File uid="10" fullPath="E:\source\GameDev101Jam\GameDev101Jam\Assets\Scripts\GameKey\GameKeyGeneratorConfig.cs" />
        <File uid="11" fullPath="E:\source\GameDev101Jam\GameDev101Jam\Assets\Scripts\GameKey\GameKeyPart.cs" />
        <File uid="12" fullPath="E:\source\GameDev101Jam\GameDev101Jam\Assets\Scripts\InventorySystem\Inventory.cs" />
        <File uid="13" fullPath="E:\source\GameDev101Jam\GameDev101Jam\Assets\Scripts\PasswordBreaker\PasswordBreaker.cs" />
        <File uid="14" fullPath="E:\source\GameDev101Jam\GameDev101Jam\Assets\Scripts\PasswordBreakerLegacy\PasswordBreakerLegacy.cs" />
        <File uid="15" fullPath="E:\source\GameDev101Jam\GameDev101Jam\Assets\Scripts\PasswordBreakerLegacy\PlayablePassword.cs" />
        <File uid="16" fullPath="E:\source\GameDev101Jam\GameDev101Jam\Assets\Scripts\PasswordBreakerLegacy\PlayablePasswordSetting.cs" />
        <File uid="17" fullPath="E:\source\GameDev101Jam\GameDev101Jam\Assets\Scripts\PlayableNodeBehaviour.cs" />
        <File uid="18" fullPath="E:\source\GameDev101Jam\GameDev101Jam\Assets\Scripts\PlayableNodeEdge.cs" />
        <File uid="19" fullPath="E:\source\GameDev101Jam\GameDev101Jam\Assets\Scripts\PlayableNodeGraph.cs" />
        <File uid="20" fullPath="E:\source\GameDev101Jam\GameDev101Jam\Assets\Scripts\Player\Player.cs" />
        <File uid="21" fullPath="E:\source\GameDev101Jam\GameDev101Jam\Assets\Scripts\Player\PlayerBehaviour.cs" />
        <File uid="22" fullPath="E:\source\GameDev101Jam\GameDev101Jam\Assets\Scripts\PlayerBehaviouerLegacy.cs" />
        <File uid="23" fullPath="E:\source\GameDev101Jam\GameDev101Jam\Assets\Scripts\PortScanner\PortEdge.cs" />
        <File uid="24" fullPath="E:\source\GameDev101Jam\GameDev101Jam\Assets\Scripts\PortScanner\PortNode.cs" />
        <File uid="25" fullPath="E:\source\GameDev101Jam\GameDev101Jam\Assets\Scripts\PortScanner\PortScanner.cs" />
        <File uid="26" fullPath="E:\source\GameDev101Jam\GameDev101Jam\Assets\Scripts\RandomExtension.cs" />
        <File uid="27" fullPath="E:\source\GameDev101Jam\GameDev101Jam\Assets\Scripts\RotateBehaviour.cs" />
      </Files>
      <Classes>
        <Class>
          <Summary numSequencePoints="0" visitedSequencePoints="0" numBranchPoints="0" visitedBranchPoints="0" sequenceCoverage="0" branchCoverage="0" maxCyclomaticComplexity="0" minCyclomaticComplexity="0" maxCrapScore="0" minCrapScore="0" visitedClasses="0" numClasses="0" visitedMethods="0" numMethods="0" />
          <FullName>com.runtime.GameDev101Jam.ConnectLineBehaviour</FullName>
          <Methods>
            <Method visited="false" cyclomaticComplexity="1" nPathComplexity="0" sequenceCoverage="0.0" branchCoverage="0" crapScore="0" isConstructor="false" isStatic="false" isGetter="false" isSetter="false">
              <Summary numSequencePoints="0" visitedSequencePoints="0" numBranchPoints="0" visitedBranchPoints="0" sequenceCoverage="0.0" branchCoverage="0" maxCyclomaticComplexity="0" minCyclomaticComplexity="0" maxCrapScore="0" minCrapScore="0" visitedClasses="0" numClasses="0" visitedMethods="0" numMethods="0" />
              <MetadataToken>100663297</MetadataToken>
              <Name>System.Void com.runtime.GameDev101Jam.ConnectLineBehaviour::Awake()</Name>
              <FileRef uid="1" />
              <SequencePoints>
                <SequencePoint vc="0" uspid="1" ordinal="0" offset="0" sl="16" sc="0" el="16" ec="0" bec="0" bev="0" fileid="1" />
                <SequencePoint vc="0" uspid="2" ordinal="0" offset="1" sl="17" sc="0" el="17" ec="0" bec="0" bev="0" fileid="1" />
                <SequencePoint vc="0" uspid="3" ordinal="0" offset="13" sl="18" sc="0" el="18" ec="0" bec="0" bev="0" fileid="1" />
              </SequencePoints>
              <BranchPoints />
            </Method>
            <Method visited="false" cyclomaticComplexity="1" nPathComplexity="0" sequenceCoverage="0.0" branchCoverage="0" crapScore="0" isConstructor="false" isStatic="false" isGetter="false" isSetter="false">
              <Summary numSequencePoints="0" visitedSequencePoints="0" numBranchPoints="0" visitedBranchPoints="0" sequenceCoverage="0.0" branchCoverage="0" maxCyclomaticComplexity="0" minCyclomaticComplexity="0" maxCrapScore="0" minCrapScore="0" visitedClasses="0" numClasses="0" visitedMethods="0" numMethods="0" />
              <MetadataToken>100663298</MetadataToken>
              <Name>System.Void com.runtime.GameDev101Jam.ConnectLineBehaviour::Update()</Name>
              <FileRef uid="1" />
              <SequencePoints>
                <SequencePoint vc="0" uspid="4" ordinal="0" offset="0" sl="21" sc="0" el="21" ec="0" bec="0" bev="0" fileid="1" />
                <SequencePoint vc="0" uspid="5" ordinal="0" offset="1" sl="22" sc="0" el="22" ec="0" bec="0" bev="0" fileid="1" />
                <SequencePoint vc="0" uspid="6" ordinal="0" offset="8" sl="23" sc="0" el="23" ec="0" bec="0" bev="0" fileid="1" />
                <SequencePoint vc="0" uspid="7" ordinal="0" offset="26" sl="24" sc="0" el="24" ec="0" bec="0" bev="0" fileid="1" />
                <SequencePoint vc="0" uspid="8" ordinal="0" offset="44" sl="25" sc="0" el="25" ec="0" bec="0" bev="0" fileid="1" />
                <SequencePoint vc="0" uspid="9" ordinal="0" offset="57" sl="26" sc="0" el="26" ec="0" bec="0" bev="0" fileid="1" />
              </SequencePoints>
              <BranchPoints />
            </Method>
            <Method visited="false" cyclomaticComplexity="1" nPathComplexity="0" sequenceCoverage="0.0" branchCoverage="0" crapScore="0" isConstructor="true" isStatic="false" isGetter="false" isSetter="false">
              <Summary numSequencePoints="0" visitedSequencePoints="0" numBranchPoints="0" visitedBranchPoints="0" sequenceCoverage="0.0" branchCoverage="0" maxCyclomaticComplexity="0" minCyclomaticComplexity="0" maxCrapScore="0" minCrapScore="0" visitedClasses="0" numClasses="0" visitedMethods="0" numMethods="0" />
              <MetadataToken>100663299</MetadataToken>
              <Name>com.runtime.GameDev101Jam.ConnectLineBehaviour::ConnectLineBehaviour()</Name>
              <FileRef uid="1" />
              <SequencePoints>
                <SequencePoint vc="0" uspid="10" ordinal="0" offset="0" sl="9" sc="0" el="9" ec="0" bec="0" bev="0" fileid="1" />
                <SequencePoint vc="0" uspid="11" ordinal="0" offset="7" sl="10" sc="0" el="10" ec="0" bec="0" bev="0" fileid="1" />
                <SequencePoint vc="0" uspid="12" ordinal="0" offset="14" sl="11" sc="0" el="11" ec="0" bec="0" bev="0" fileid="1" />
                <SequencePoint vc="0" uspid="13" ordinal="0" offset="21" sl="13" sc="0" el="13" ec="0" bec="0" bev="0" fileid="1" />
              </SequencePoints>
              <BranchPoints />
            </Method>
          </Methods>
        </Class>
        <Class>
          <Summary numSequencePoints="0" visitedSequencePoints="0" numBranchPoints="0" visitedBranchPoints="0" sequenceCoverage="0" branchCoverage="0" maxCyclomaticComplexity="0" minCyclomaticComplexity="0" maxCrapScore="0" minCrapScore="0" visitedClasses="0" numClasses="0" visitedMethods="0" numMethods="0" />
          <FullName>com.runtime.GameDev101Jam.PhysicsPointerBehaviour</FullName>
          <Methods>
            <Method visited="false" cyclomaticComplexity="1" nPathComplexity="0" sequenceCoverage="0.0" branchCoverage="0" crapScore="0" isConstructor="false" isStatic="false" isGetter="false" isSetter="false">
              <Summary numSequencePoints="0" visitedSequencePoints="0" numBranchPoints="0" visitedBranchPoints="0" sequenceCoverage="0.0" branchCoverage="0" maxCyclomaticComplexity="0" minCyclomaticComplexity="0" maxCrapScore="0" minCrapScore="0" visitedClasses="0" numClasses="0" visitedMethods="0" numMethods="0" />
              <MetadataToken>100663300</MetadataToken>
              <Name>System.Void com.runtime.GameDev101Jam.PhysicsPointerBehaviour::Start()</Name>
              <FileRef uid="2" />
              <SequencePoints>
                <SequencePoint vc="0" uspid="14" ordinal="0" offset="0" sl="17" sc="0" el="17" ec="0" bec="0" bev="0" fileid="2" />
                <SequencePoint vc="0" uspid="15" ordinal="0" offset="1" sl="18" sc="0" el="18" ec="0" bec="0" bev="0" fileid="2" />
                <SequencePoint vc="0" uspid="16" ordinal="0" offset="18" sl="19" sc="0" el="19" ec="0" bec="0" bev="0" fileid="2" />
                <SequencePoint vc="0" uspid="17" ordinal="0" offset="25" sl="20" sc="0" el="20" ec="0" bec="0" bev="0" fileid="2" />
              </SequencePoints>
              <BranchPoints />
            </Method>
            <Method visited="false" cyclomaticComplexity="1" nPathComplexity="0" sequenceCoverage="0.0" branchCoverage="0" crapScore="0" isConstructor="false" isStatic="false" isGetter="false" isSetter="false">
              <Summary numSequencePoints="0" visitedSequencePoints="0" numBranchPoints="0" visitedBranchPoints="0" sequenceCoverage="0.0" branchCoverage="0" maxCyclomaticComplexity="0" minCyclomaticComplexity="0" maxCrapScore="0" minCrapScore="0" visitedClasses="0" numClasses="0" visitedMethods="0" numMethods="0" />
              <MetadataToken>100663301</MetadataToken>
              <Name>System.Void com.runtime.GameDev101Jam.PhysicsPointerBehaviour::Update()</Name>
              <FileRef uid="2" />
              <SequencePoints>
                <SequencePoint vc="0" uspid="18" ordinal="0" offset="0" sl="23" sc="0" el="23" ec="0" bec="0" bev="0" fileid="2" />
                <SequencePoint vc="0" uspid="19" ordinal="0" offset="1" sl="24" sc="0" el="24" ec="0" bec="0" bev="0" fileid="2" />
                <SequencePoint vc="0" uspid="20" ordinal="0" offset="23" sl="25" sc="0" el="25" ec="0" bec="0" bev="0" fileid="2" />
              </SequencePoints>
              <BranchPoints />
            </Method>
            <Method visited="false" cyclomaticComplexity="1" nPathComplexity="0" sequenceCoverage="0.0" branchCoverage="0" crapScore="0" isConstructor="true" isStatic="false" isGetter="false" isSetter="false">
              <Summary numSequencePoints="0" visitedSequencePoints="0" numBranchPoints="0" visitedBranchPoints="0" sequenceCoverage="0.0" branchCoverage="0" maxCyclomaticComplexity="0" minCyclomaticComplexity="0" maxCrapScore="0" minCrapScore="0" visitedClasses="0" numClasses="0" visitedMethods="0" numMethods="0" />
              <MetadataToken>100663302</MetadataToken>
              <Name>com.runtime.GameDev101Jam.PhysicsPointerBehaviour::PhysicsPointerBehaviour()</Name>
              <FileRef uid="2" />
              <SequencePoints>
                <SequencePoint vc="0" uspid="21" ordinal="0" offset="0" sl="13" sc="0" el="13" ec="0" bec="0" bev="0" fileid="2" />
              </SequencePoints>
              <BranchPoints />
            </Method>
          </Methods>
        </Class>
        <Class>
          <Summary numSequencePoints="0" visitedSequencePoints="0" numBranchPoints="0" visitedBranchPoints="0" sequenceCoverage="0" branchCoverage="0" maxCyclomaticComplexity="0" minCyclomaticComplexity="0" maxCrapScore="0" minCrapScore="0" visitedClasses="0" numClasses="0" visitedMethods="0" numMethods="0" />
          <FullName>com.runtime.GameDev101Jam.PointerSelectionBehaviour</FullName>
          <Methods>
            <Method visited="false" cyclomaticComplexity="1" nPathComplexity="0" sequenceCoverage="0.0" branchCoverage="0" crapScore="0" isConstructor="false" isStatic="false" isGetter="false" isSetter="false">
              <Summary numSequencePoints="0" visitedSequencePoints="0" numBranchPoints="0" visitedBranchPoints="0" sequenceCoverage="0.0" branchCoverage="0" maxCyclomaticComplexity="0" minCyclomaticComplexity="0" maxCrapScore="0" minCrapScore="0" visitedClasses="0" numClasses="0" visitedMethods="0" numMethods="0" />
              <MetadataToken>100663303</MetadataToken>
              <Name>System.Void com.runtime.GameDev101Jam.PointerSelectionBehaviour::Start()</Name>
              <FileRef uid="3" />
              <SequencePoints>
                <SequencePoint vc="0" uspid="22" ordinal="0" offset="0" sl="17" sc="0" el="17" ec="0" bec="0" bev="0" fileid="3" />
                <SequencePoint vc="0" uspid="23" ordinal="0" offset="1" sl="18" sc="0" el="18" ec="0" bec="0" bev="0" fileid="3" />
                <SequencePoint vc="0" uspid="24" ordinal="0" offset="13" sl="20" sc="0" el="20" ec="0" bec="0" bev="0" fileid="3" />
                <SequencePoint vc="0" uspid="25" ordinal="0" offset="31" sl="21" sc="0" el="21" ec="0" bec="0" bev="0" fileid="3" />
                <SequencePoint vc="0" uspid="26" ordinal="0" offset="49" sl="22" sc="0" el="22" ec="0" bec="0" bev="0" fileid="3" />
                <SequencePoint vc="0" uspid="27" ordinal="0" offset="67" sl="24" sc="0" el="24" ec="0" bec="0" bev="0" fileid="3" />
                <SequencePoint vc="0" uspid="28" ordinal="0" offset="80" sl="25" sc="0" el="25" ec="0" bec="0" bev="0" fileid="3" />
                <SequencePoint vc="0" uspid="29" ordinal="0" offset="93" sl="26" sc="0" el="26" ec="0" bec="0" bev="0" fileid="3" />
              </SequencePoints>
              <BranchPoints />
            </Method>
            <Method visited="false" cyclomaticComplexity="1" nPathComplexity="0" sequenceCoverage="0.0" branchCoverage="0" crapScore="0" isConstructor="false" isStatic="false" isGetter="false" isSetter="false">
              <Summary numSequencePoints="0" visitedSequencePoints="0" numBranchPoints="0" visitedBranchPoints="0" sequenceCoverage="0.0" branchCoverage="0" maxCyclomaticComplexity="0" minCyclomaticComplexity="0" maxCrapScore="0" minCrapScore="0" visitedClasses="0" numClasses="0" visitedMethods="0" numMethods="0" />
              <MetadataToken>100663304</MetadataToken>
              <Name>System.Void com.runtime.GameDev101Jam.PointerSelectionBehaviour::ShowHover(UnityEngine.Transform, UnityEngine.Bounds)</Name>
              <FileRef uid="3" />
              <SequencePoints>
                <SequencePoint vc="0" uspid="30" ordinal="0" offset="0" sl="29" sc="0" el="29" ec="0" bec="0" bev="0" fileid="3" />
                <SequencePoint vc="0" uspid="31" ordinal="0" offset="1" sl="30" sc="0" el="30" ec="0" bec="0" bev="0" fileid="3" />
                <SequencePoint vc="0" uspid="32" ordinal="0" offset="15" sl="31" sc="0" el="31" ec="0" bec="0" bev="0" fileid="3" />
              </SequencePoints>
              <BranchPoints />
            </Method>
            <Method visited="false" cyclomaticComplexity="1" nPathComplexity="0" sequenceCoverage="0.0" branchCoverage="0" crapScore="0" isConstructor="false" isStatic="false" isGetter="false" isSetter="false">
              <Summary numSequencePoints="0" visitedSequencePoints="0" numBranchPoints="0" visitedBranchPoints="0" sequenceCoverage="0.0" branchCoverage="0" maxCyclomaticComplexity="0" minCyclomaticComplexity="0" maxCrapScore="0" minCrapScore="0" visitedClasses="0" numClasses="0" visitedMethods="0" numMethods="0" />
              <MetadataToken>100663305</MetadataToken>
              <Name>System.Void com.runtime.GameDev101Jam.PointerSelectionBehaviour::HideHover()</Name>
              <FileRef uid="3" />
              <SequencePoints>
                <SequencePoint vc="0" uspid="33" ordinal="0" offset="0" sl="34" sc="0" el="34" ec="0" bec="0" bev="0" fileid="3" />
                <SequencePoint vc="0" uspid="34" ordinal="0" offset="1" sl="35" sc="0" el="35" ec="0" bec="0" bev="0" fileid="3" />
                <SequencePoint vc="0" uspid="35" ordinal="0" offset="14" sl="36" sc="0" el="36" ec="0" bec="0" bev="0" fileid="3" />
              </SequencePoints>
              <BranchPoints />
            </Method>
            <Method visited="false" cyclomaticComplexity="1" nPathComplexity="0" sequenceCoverage="0.0" branchCoverage="0" crapScore="0" isConstructor="false" isStatic="false" isGetter="false" isSetter="false">
              <Summary numSequencePoints="0" visitedSequencePoints="0" numBranchPoints="0" visitedBranchPoints="0" sequenceCoverage="0.0" branchCoverage="0" maxCyclomaticComplexity="0" minCyclomaticComplexity="0" maxCrapScore="0" minCrapScore="0" visitedClasses="0" numClasses="0" visitedMethods="0" numMethods="0" />
              <MetadataToken>100663306</MetadataToken>
              <Name>System.Void com.runtime.GameDev101Jam.PointerSelectionBehaviour::SetSelected(UnityEngine.Transform, UnityEngine.Bounds)</Name>
              <FileRef uid="3" />
              <SequencePoints>
                <SequencePoint vc="0" uspid="36" ordinal="0" offset="0" sl="39" sc="0" el="39" ec="0" bec="0" bev="0" fileid="3" />
                <SequencePoint vc="0" uspid="37" ordinal="0" offset="1" sl="40" sc="0" el="40" ec="0" bec="0" bev="0" fileid="3" />
                <SequencePoint vc="0" uspid="38" ordinal="0" offset="15" sl="42" sc="0" el="42" ec="0" bec="0" bev="0" fileid="3" />
              </SequencePoints>
              <BranchPoints />
            </Method>
            <Method visited="false" cyclomaticComplexity="1" nPathComplexity="0" sequenceCoverage="0.0" branchCoverage="0" crapScore="0" isConstructor="false" isStatic="false" isGetter="false" isSetter="false">
              <Summary numSequencePoints="0" visitedSequencePoints="0" numBranchPoints="0" visitedBranchPoints="0" sequenceCoverage="0.0" branchCoverage="0" maxCyclomaticComplexity="0" minCyclomaticComplexity="0" maxCrapScore="0" minCrapScore="0" visitedClasses="0" numClasses="0" visitedMethods="0" numMethods="0" />
              <MetadataToken>100663307</MetadataToken>
              <Name>System.Void com.runtime.GameDev101Jam.PointerSelectionBehaviour::ShowImageAndSetPosition(UnityEngine.UI.Image, UnityEngine.Transform)</Name>
              <FileRef uid="3" />
              <SequencePoints>
                <SequencePoint vc="0" uspid="39" ordinal="0" offset="0" sl="45" sc="0" el="45" ec="0" bec="0" bev="0" fileid="3" />
                <SequencePoint vc="0" uspid="40" ordinal="0" offset="1" sl="46" sc="0" el="46" ec="0" bec="0" bev="0" fileid="3" />
                <SequencePoint vc="0" uspid="41" ordinal="0" offset="9" sl="47" sc="0" el="47" ec="0" bec="0" bev="0" fileid="3" />
                <SequencePoint vc="0" uspid="42" ordinal="0" offset="37" sl="48" sc="0" el="48" ec="0" bec="0" bev="0" fileid="3" />
              </SequencePoints>
              <BranchPoints />
            </Method>
            <Method visited="false" cyclomaticComplexity="1" nPathComplexity="0" sequenceCoverage="0.0" branchCoverage="0" crapScore="0" isConstructor="false" isStatic="false" isGetter="false" isSetter="false">
              <Summary numSequencePoints="0" visitedSequencePoints="0" numBranchPoints="0" visitedBranchPoints="0" sequenceCoverage="0.0" branchCoverage="0" maxCyclomaticComplexity="0" minCyclomaticComplexity="0" maxCrapScore="0" minCrapScore="0" visitedClasses="0" numClasses="0" visitedMethods="0" numMethods="0" />
              <MetadataToken>100663308</MetadataToken>
              <Name>System.Void com.runtime.GameDev101Jam.PointerSelectionBehaviour::SetImageBounds(UnityEngine.UI.Image, UnityEngine.Bounds)</Name>
              <FileRef uid="3" />
              <SequencePoints>
                <SequencePoint vc="0" uspid="43" ordinal="0" offset="0" sl="52" sc="0" el="52" ec="0" bec="0" bev="0" fileid="3" />
                <SequencePoint vc="0" uspid="44" ordinal="0" offset="1" sl="53" sc="0" el="53" ec="0" bec="0" bev="0" fileid="3" />
                <SequencePoint vc="0" uspid="45" ordinal="0" offset="14" sl="54" sc="0" el="54" ec="0" bec="0" bev="0" fileid="3" />
                <SequencePoint vc="0" uspid="46" ordinal="0" offset="27" sl="55" sc="0" el="55" ec="0" bec="0" bev="0" fileid="3" />
              </SequencePoints>
              <BranchPoints />
            </Method>
            <Method visited="false" cyclomaticComplexity="1" nPathComplexity="0" sequenceCoverage="0.0" branchCoverage="0" crapScore="0" isConstructor="true" isStatic="false" isGetter="false" isSetter="false">
              <Summary numSequencePoints="0" visitedSequencePoints="0" numBranchPoints="0" visitedBranchPoints="0" sequenceCoverage="0.0" branchCoverage="0" maxCyclomaticComplexity="0" minCyclomaticComplexity="0" maxCrapScore="0" minCrapScore="0" visitedClasses="0" numClasses="0" visitedMethods="0" numMethods="0" />
              <MetadataToken>100663309</MetadataToken>
              <Name>com.runtime.GameDev101Jam.PointerSelectionBehaviour::PointerSelectionBehaviour()</Name>
              <FileRef uid="3" />
              <SequencePoints>
                <SequencePoint vc="0" uspid="47" ordinal="0" offset="0" sl="13" sc="0" el="13" ec="0" bec="0" bev="0" fileid="3" />
                <SequencePoint vc="0" uspid="48" ordinal="0" offset="7" sl="14" sc="0" el="14" ec="0" bec="0" bev="0" fileid="3" />
                <SequencePoint vc="0" uspid="49" ordinal="0" offset="14" sl="15" sc="0" el="15" ec="0" bec="0" bev="0" fileid="3" />
              </SequencePoints>
              <BranchPoints />
            </Method>
          </Methods>
        </Class>
        <Class>
          <Summary numSequencePoints="0" visitedSequencePoints="0" numBranchPoints="0" visitedBranchPoints="0" sequenceCoverage="0" branchCoverage="0" maxCyclomaticComplexity="0" minCyclomaticComplexity="0" maxCrapScore="0" minCrapScore="0" visitedClasses="0" numClasses="0" visitedMethods="0" numMethods="0" />
          <FullName>com.runtime.GameDev101Jam.SelectableBehaviour</FullName>
          <Methods>
            <Method visited="false" cyclomaticComplexity="1" nPathComplexity="0" sequenceCoverage="0.0" branchCoverage="0" crapScore="0" isConstructor="false" isStatic="false" isGetter="false" isSetter="false">
              <Summary numSequencePoints="0" visitedSequencePoints="0" numBranchPoints="0" visitedBranchPoints="0" sequenceCoverage="0.0" branchCoverage="0" maxCyclomaticComplexity="0" minCyclomaticComplexity="0" maxCrapScore="0" minCrapScore="0" visitedClasses="0" numClasses="0" visitedMethods="0" numMethods="0" />
              <MetadataToken>100663316</MetadataToken>
              <Name>System.Void com.runtime.GameDev101Jam.SelectableBehaviour::Start()</Name>
              <FileRef uid="4" />
              <SequencePoints>
                <SequencePoint vc="0" uspid="50" ordinal="0" offset="0" sl="22" sc="0" el="22" ec="0" bec="0" bev="0" fileid="4" />
                <SequencePoint vc="0" uspid="51" ordinal="0" offset="1" sl="23" sc="0" el="23" ec="0" bec="0" bev="0" fileid="4" />
                <SequencePoint vc="0" uspid="52" ordinal="0" offset="13" sl="24" sc="0" el="24" ec="0" bec="0" bev="0" fileid="4" />
              </SequencePoints>
              <BranchPoints />
            </Method>
            <Method visited="false" cyclomaticComplexity="3" nPathComplexity="0" sequenceCoverage="0.0" branchCoverage="0" crapScore="0" isConstructor="false" isStatic="false" isGetter="false" isSetter="false">
              <Summary numSequencePoints="0" visitedSequencePoints="0" numBranchPoints="0" visitedBranchPoints="0" sequenceCoverage="0.0" branchCoverage="0" maxCyclomaticComplexity="0" minCyclomaticComplexity="0" maxCrapScore="0" minCrapScore="0" visitedClasses="0" numClasses="0" visitedMethods="0" numMethods="0" />
              <MetadataToken>100663317</MetadataToken>
              <Name>System.Void com.runtime.GameDev101Jam.SelectableBehaviour::OnMouseDown()</Name>
              <FileRef uid="4" />
              <SequencePoints>
                <SequencePoint vc="0" uspid="53" ordinal="0" offset="0" sl="26" sc="0" el="26" ec="0" bec="0" bev="0" fileid="4" />
                <SequencePoint vc="0" uspid="54" ordinal="0" offset="1" sl="27" sc="0" el="27" ec="0" bec="0" bev="0" fileid="4" />
                <SequencePoint vc="0" uspid="55" ordinal="0" offset="24" sl="28" sc="0" el="28" ec="0" bec="0" bev="0" fileid="4" />
                <SequencePoint vc="0" uspid="56" ordinal="0" offset="25" sl="29" sc="0" el="29" ec="0" bec="0" bev="0" fileid="4" />
                <SequencePoint vc="0" uspid="57" ordinal="0" offset="53" sl="30" sc="0" el="30" ec="0" bec="0" bev="0" fileid="4" />
                <SequencePoint vc="0" uspid="58" ordinal="0" offset="54" sl="31" sc="0" el="31" ec="0" bec="0" bev="0" fileid="4" />
              </SequencePoints>
              <BranchPoints />
            </Method>
            <Method visited="false" cyclomaticComplexity="3" nPathComplexity="0" sequenceCoverage="0.0" branchCoverage="0" crapScore="0" isConstructor="false" isStatic="false" isGetter="false" isSetter="false">
              <Summary numSequencePoints="0" visitedSequencePoints="0" numBranchPoints="0" visitedBranchPoints="0" sequenceCoverage="0.0" branchCoverage="0" maxCyclomaticComplexity="0" minCyclomaticComplexity="0" maxCrapScore="0" minCrapScore="0" visitedClasses="0" numClasses="0" visitedMethods="0" numMethods="0" />
              <MetadataToken>100663318</MetadataToken>
              <Name>System.Void com.runtime.GameDev101Jam.SelectableBehaviour::OnMouseOver()</Name>
              <FileRef uid="4" />
              <SequencePoints>
                <SequencePoint vc="0" uspid="59" ordinal="0" offset="0" sl="34" sc="0" el="34" ec="0" bec="0" bev="0" fileid="4" />
                <SequencePoint vc="0" uspid="60" ordinal="0" offset="1" sl="35" sc="0" el="35" ec="0" bec="0" bev="0" fileid="4" />
                <SequencePoint vc="0" uspid="61" ordinal="0" offset="24" sl="36" sc="0" el="36" ec="0" bec="0" bev="0" fileid="4" />
                <SequencePoint vc="0" uspid="62" ordinal="0" offset="25" sl="37" sc="0" el="37" ec="0" bec="0" bev="0" fileid="4" />
                <SequencePoint vc="0" uspid="63" ordinal="0" offset="53" sl="38" sc="0" el="38" ec="0" bec="0" bev="0" fileid="4" />
                <SequencePoint vc="0" uspid="64" ordinal="0" offset="54" sl="39" sc="0" el="39" ec="0" bec="0" bev="0" fileid="4" />
              </SequencePoints>
              <BranchPoints />
            </Method>
            <Method visited="false" cyclomaticComplexity="2" nPathComplexity="0" sequenceCoverage="0.0" branchCoverage="0" crapScore="0" isConstructor="false" isStatic="false" isGetter="false" isSetter="false">
              <Summary numSequencePoints="0" visitedSequencePoints="0" numBranchPoints="0" visitedBranchPoints="0" sequenceCoverage="0.0" branchCoverage="0" maxCyclomaticComplexity="0" minCyclomaticComplexity="0" maxCrapScore="0" minCrapScore="0" visitedClasses="0" numClasses="0" visitedMethods="0" numMethods="0" />
              <MetadataToken>100663319</MetadataToken>
              <Name>System.Void com.runtime.GameDev101Jam.SelectableBehaviour::OnMouseExit()</Name>
              <FileRef uid="4" />
              <SequencePoints>
                <SequencePoint vc="0" uspid="65" ordinal="0" offset="0" sl="42" sc="0" el="42" ec="0" bec="0" bev="0" fileid="4" />
                <SequencePoint vc="0" uspid="66" ordinal="0" offset="1" sl="43" sc="0" el="43" ec="0" bec="0" bev="0" fileid="4" />
                <SequencePoint vc="0" uspid="67" ordinal="0" offset="18" sl="44" sc="0" el="44" ec="0" bec="0" bev="0" fileid="4" />
              </SequencePoints>
              <BranchPoints />
            </Method>
            <Method visited="false" cyclomaticComplexity="1" nPathComplexity="0" sequenceCoverage="0.0" branchCoverage="0" crapScore="0" isConstructor="true" isStatic="false" isGetter="false" isSetter="false">
              <Summary numSequencePoints="0" visitedSequencePoints="0" numBranchPoints="0" visitedBranchPoints="0" sequenceCoverage="0.0" branchCoverage="0" maxCyclomaticComplexity="0" minCyclomaticComplexity="0" maxCrapScore="0" minCrapScore="0" visitedClasses="0" numClasses="0" visitedMethods="0" numMethods="0" />
              <MetadataToken>100663320</MetadataToken>
              <Name>com.runtime.GameDev101Jam.SelectableBehaviour::SelectableBehaviour()</Name>
              <FileRef uid="4" />
              <SequencePoints>
                <SequencePoint vc="0" uspid="68" ordinal="0" offset="0" sl="19" sc="0" el="19" ec="0" bec="0" bev="0" fileid="4" />
                <SequencePoint vc="0" uspid="69" ordinal="0" offset="7" sl="20" sc="0" el="20" ec="0" bec="0" bev="0" fileid="4" />
              </SequencePoints>
              <BranchPoints />
            </Method>
          </Methods>
        </Class>
        <Class>
          <Summary numSequencePoints="0" visitedSequencePoints="0" numBranchPoints="0" visitedBranchPoints="0" sequenceCoverage="0" branchCoverage="0" maxCyclomaticComplexity="0" minCyclomaticComplexity="0" maxCrapScore="0" minCrapScore="0" visitedClasses="0" numClasses="0" visitedMethods="0" numMethods="0" />
          <FullName>com.runtime.GameDev101Jam.DictionaryExtensions</FullName>
          <Methods>
            <Method visited="false" cyclomaticComplexity="4" nPathComplexity="0" sequenceCoverage="0.0" branchCoverage="0" crapScore="0" isConstructor="false" isStatic="true" isGetter="false" isSetter="false">
              <Summary numSequencePoints="0" visitedSequencePoints="0" numBranchPoints="0" visitedBranchPoints="0" sequenceCoverage="0.0" branchCoverage="0" maxCyclomaticComplexity="0" minCyclomaticComplexity="0" maxCrapScore="0" minCrapScore="0" visitedClasses="0" numClasses="0" visitedMethods="0" numMethods="0" />
              <MetadataToken>100663321</MetadataToken>
              <Name>static System.Collections.Generic.IDictionary[TKey,TValue] com.runtime.GameDev101Jam.DictionaryExtensions::Concat[TKey, TValue](System.Collections.Generic.IDictionary[TKey,TValue], System.Collections.Generic.IDictionary`2[[TKey],[TValue]][])</Name>
              <FileRef uid="5" />
              <SequencePoints>
                <SequencePoint vc="0" uspid="70" ordinal="0" offset="0" sl="12" sc="0" el="12" ec="0" bec="0" bev="0" fileid="5" />
                <SequencePoint vc="0" uspid="71" ordinal="0" offset="1" sl="13" sc="0" el="13" ec="0" bec="0" bev="0" fileid="5" />
                <SequencePoint vc="0" uspid="72" ordinal="0" offset="2" sl="13" sc="0" el="13" ec="0" bec="0" bev="0" fileid="5" />
                <SequencePoint vc="0" uspid="73" ordinal="0" offset="8" sl="13" sc="0" el="13" ec="0" bec="0" bev="0" fileid="5" />
                <SequencePoint vc="0" uspid="74" ordinal="0" offset="12" sl="14" sc="0" el="14" ec="0" bec="0" bev="0" fileid="5" />
                <SequencePoint vc="0" uspid="75" ordinal="0" offset="13" sl="15" sc="0" el="15" ec="0" bec="0" bev="0" fileid="5" />
                <SequencePoint vc="0" uspid="76" ordinal="0" offset="14" sl="15" sc="0" el="15" ec="0" bec="0" bev="0" fileid="5" />
                <SequencePoint vc="0" uspid="77" ordinal="0" offset="23" sl="15" sc="0" el="15" ec="0" bec="0" bev="0" fileid="5" />
                <SequencePoint vc="0" uspid="78" ordinal="0" offset="31" sl="16" sc="0" el="16" ec="0" bec="0" bev="0" fileid="5" />
                <SequencePoint vc="0" uspid="79" ordinal="0" offset="32" sl="17" sc="0" el="17" ec="0" bec="0" bev="0" fileid="5" />
                <SequencePoint vc="0" uspid="80" ordinal="0" offset="53" sl="18" sc="0" el="18" ec="0" bec="0" bev="0" fileid="5" />
                <SequencePoint vc="0" uspid="81" ordinal="0" offset="54" sl="15" sc="0" el="15" ec="0" bec="0" bev="0" fileid="5" />
                <SequencePoint vc="0" uspid="82" ordinal="0" offset="75" sl="19" sc="0" el="19" ec="0" bec="0" bev="0" fileid="5" />
                <SequencePoint vc="0" uspid="83" ordinal="0" offset="80" sl="13" sc="0" el="13" ec="0" bec="0" bev="0" fileid="5" />
                <SequencePoint vc="0" uspid="84" ordinal="0" offset="86" sl="21" sc="0" el="21" ec="0" bec="0" bev="0" fileid="5" />
                <SequencePoint vc="0" uspid="85" ordinal="0" offset="91" sl="22" sc="0" el="22" ec="0" bec="0" bev="0" fileid="5" />
              </SequencePoints>
              <BranchPoints />
            </Method>
          </Methods>
        </Class>
        <Class>
          <Summary numSequencePoints="0" visitedSequencePoints="0" numBranchPoints="0" visitedBranchPoints="0" sequenceCoverage="0" branchCoverage="0" maxCyclomaticComplexity="0" minCyclomaticComplexity="0" maxCrapScore="0" minCrapScore="0" visitedClasses="0" numClasses="0" visitedMethods="0" numMethods="0" />
          <FullName>com.runtime.GameDev101Jam.GameCpu</FullName>
          <Methods>
            <Method visited="false" cyclomaticComplexity="1" nPathComplexity="0" sequenceCoverage="0.0" branchCoverage="0" crapScore="0" isConstructor="false" isStatic="false" isGetter="true" isSetter="false">
              <Summary numSequencePoints="0" visitedSequencePoints="0" numBranchPoints="0" visitedBranchPoints="0" sequenceCoverage="0.0" branchCoverage="0" maxCyclomaticComplexity="0" minCyclomaticComplexity="0" maxCrapScore="0" minCrapScore="0" visitedClasses="0" numClasses="0" visitedMethods="0" numMethods="0" />
              <MetadataToken>100663324</MetadataToken>
              <Name>System.Single com.runtime.GameDev101Jam.GameCpu::get_Power()</Name>
              <FileRef uid="6" />
              <SequencePoints>
                <SequencePoint vc="0" uspid="86" ordinal="0" offset="0" sl="21" sc="0" el="21" ec="0" bec="0" bev="0" fileid="6" />
              </SequencePoints>
              <BranchPoints />
            </Method>
            <Method visited="false" cyclomaticComplexity="1" nPathComplexity="0" sequenceCoverage="0.0" branchCoverage="0" crapScore="0" isConstructor="false" isStatic="false" isGetter="true" isSetter="false">
              <Summary numSequencePoints="0" visitedSequencePoints="0" numBranchPoints="0" visitedBranchPoints="0" sequenceCoverage="0.0" branchCoverage="0" maxCyclomaticComplexity="0" minCyclomaticComplexity="0" maxCrapScore="0" minCrapScore="0" visitedClasses="0" numClasses="0" visitedMethods="0" numMethods="0" />
              <MetadataToken>100663325</MetadataToken>
              <Name>System.Single com.runtime.GameDev101Jam.GameCpu::get_MaxCapacity()</Name>
              <FileRef uid="6" />
              <SequencePoints>
                <SequencePoint vc="0" uspid="87" ordinal="0" offset="0" sl="22" sc="0" el="22" ec="0" bec="0" bev="0" fileid="6" />
              </SequencePoints>
              <BranchPoints />
            </Method>
            <Method visited="false" cyclomaticComplexity="1" nPathComplexity="0" sequenceCoverage="0.0" branchCoverage="0" crapScore="0" isConstructor="false" isStatic="false" isGetter="true" isSetter="false">
              <Summary numSequencePoints="0" visitedSequencePoints="0" numBranchPoints="0" visitedBranchPoints="0" sequenceCoverage="0.0" branchCoverage="0" maxCyclomaticComplexity="0" minCyclomaticComplexity="0" maxCrapScore="0" minCrapScore="0" visitedClasses="0" numClasses="0" visitedMethods="0" numMethods="0" />
              <MetadataToken>100663326</MetadataToken>
              <Name>System.Collections.Generic.IDictionary[IGameCpuProcess,Single] com.runtime.GameDev101Jam.GameCpu::get_CpuAllocations()</Name>
              <FileRef uid="6" />
              <SequencePoints>
                <SequencePoint vc="0" uspid="88" ordinal="0" offset="0" sl="23" sc="0" el="23" ec="0" bec="0" bev="0" fileid="6" />
              </SequencePoints>
              <BranchPoints />
            </Method>
            <Method visited="false" cyclomaticComplexity="1" nPathComplexity="0" sequenceCoverage="0.0" branchCoverage="0" crapScore="0" isConstructor="false" isStatic="false" isGetter="false" isSetter="true">
              <Summary numSequencePoints="0" visitedSequencePoints="0" numBranchPoints="0" visitedBranchPoints="0" sequenceCoverage="0.0" branchCoverage="0" maxCyclomaticComplexity="0" minCyclomaticComplexity="0" maxCrapScore="0" minCrapScore="0" visitedClasses="0" numClasses="0" visitedMethods="0" numMethods="0" />
              <MetadataToken>100663327</MetadataToken>
              <Name>System.Void com.runtime.GameDev101Jam.GameCpu::set_CpuAllocations(System.Collections.Generic.IDictionary[IGameCpuProcess,Single])</Name>
              <FileRef uid="6" />
              <SequencePoints>
                <SequencePoint vc="0" uspid="89" ordinal="0" offset="0" sl="23" sc="0" el="23" ec="0" bec="0" bev="0" fileid="6" />
              </SequencePoints>
              <BranchPoints />
            </Method>
            <Method visited="false" cyclomaticComplexity="2" nPathComplexity="0" sequenceCoverage="0.0" branchCoverage="0" crapScore="0" isConstructor="false" isStatic="false" isGetter="true" isSetter="false">
              <Summary numSequencePoints="0" visitedSequencePoints="0" numBranchPoints="0" visitedBranchPoints="0" sequenceCoverage="0.0" branchCoverage="0" maxCyclomaticComplexity="0" minCyclomaticComplexity="0" maxCrapScore="0" minCrapScore="0" visitedClasses="0" numClasses="0" visitedMethods="0" numMethods="0" />
              <MetadataToken>100663328</MetadataToken>
              <Name>System.Single com.runtime.GameDev101Jam.GameCpu::get_CurrentCapacity()</Name>
              <FileRef uid="6" />
              <SequencePoints>
                <SequencePoint vc="0" uspid="90" ordinal="0" offset="0" sl="24" sc="0" el="24" ec="0" bec="0" bev="0" fileid="6" />
              </SequencePoints>
              <BranchPoints />
            </Method>
            <Method visited="false" cyclomaticComplexity="1" nPathComplexity="0" sequenceCoverage="0.0" branchCoverage="0" crapScore="0" isConstructor="false" isStatic="false" isGetter="true" isSetter="false">
              <Summary numSequencePoints="0" visitedSequencePoints="0" numBranchPoints="0" visitedBranchPoints="0" sequenceCoverage="0.0" branchCoverage="0" maxCyclomaticComplexity="0" minCyclomaticComplexity="0" maxCrapScore="0" minCrapScore="0" visitedClasses="0" numClasses="0" visitedMethods="0" numMethods="0" />
              <MetadataToken>100663329</MetadataToken>
              <Name>System.Single com.runtime.GameDev101Jam.GameCpu::get_Hrtz()</Name>
              <FileRef uid="6" />
              <SequencePoints>
                <SequencePoint vc="0" uspid="91" ordinal="0" offset="0" sl="25" sc="0" el="25" ec="0" bec="0" bev="0" fileid="6" />
              </SequencePoints>
              <BranchPoints />
            </Method>
            <Method visited="false" cyclomaticComplexity="5" nPathComplexity="0" sequenceCoverage="0.0" branchCoverage="0" crapScore="0" isConstructor="false" isStatic="false" isGetter="false" isSetter="false">
              <Summary numSequencePoints="0" visitedSequencePoints="0" numBranchPoints="0" visitedBranchPoints="0" sequenceCoverage="0.0" branchCoverage="0" maxCyclomaticComplexity="0" minCyclomaticComplexity="0" maxCrapScore="0" minCrapScore="0" visitedClasses="0" numClasses="0" visitedMethods="0" numMethods="0" />
              <MetadataToken>100663330</MetadataToken>
              <Name>System.Boolean com.runtime.GameDev101Jam.GameCpu::AddAllocation(com.runtime.GameDev101Jam.IGameCpuProcess, System.Single)</Name>
              <FileRef uid="6" />
              <SequencePoints>
                <SequencePoint vc="0" uspid="92" ordinal="0" offset="0" sl="28" sc="0" el="28" ec="0" bec="0" bev="0" fileid="6" />
                <SequencePoint vc="0" uspid="93" ordinal="0" offset="1" sl="29" sc="0" el="29" ec="0" bec="0" bev="0" fileid="6" />
                <SequencePoint vc="0" uspid="94" ordinal="0" offset="7" sl="30" sc="0" el="30" ec="0" bec="0" bev="0" fileid="6" />
                <SequencePoint vc="0" uspid="95" ordinal="0" offset="8" sl="30" sc="0" el="30" ec="0" bec="0" bev="0" fileid="6" />
                <SequencePoint vc="0" uspid="96" ordinal="0" offset="22" sl="30" sc="0" el="30" ec="0" bec="0" bev="0" fileid="6" />
                <SequencePoint vc="0" uspid="97" ordinal="0" offset="29" sl="31" sc="0" el="31" ec="0" bec="0" bev="0" fileid="6" />
                <SequencePoint vc="0" uspid="98" ordinal="0" offset="30" sl="32" sc="0" el="32" ec="0" bec="0" bev="0" fileid="6" />
                <SequencePoint vc="0" uspid="99" ordinal="0" offset="45" sl="33" sc="0" el="33" ec="0" bec="0" bev="0" fileid="6" />
                <SequencePoint vc="0" uspid="100" ordinal="0" offset="46" sl="30" sc="0" el="30" ec="0" bec="0" bev="0" fileid="6" />
                <SequencePoint vc="0" uspid="101" ordinal="0" offset="67" sl="35" sc="0" el="35" ec="0" bec="0" bev="0" fileid="6" />
                <SequencePoint vc="0" uspid="102" ordinal="0" offset="87" sl="36" sc="0" el="36" ec="0" bec="0" bev="0" fileid="6" />
                <SequencePoint vc="0" uspid="103" ordinal="0" offset="88" sl="37" sc="0" el="37" ec="0" bec="0" bev="0" fileid="6" />
                <SequencePoint vc="0" uspid="104" ordinal="0" offset="93" sl="40" sc="0" el="40" ec="0" bec="0" bev="0" fileid="6" />
                <SequencePoint vc="0" uspid="105" ordinal="0" offset="94" sl="41" sc="0" el="41" ec="0" bec="0" bev="0" fileid="6" />
                <SequencePoint vc="0" uspid="106" ordinal="0" offset="117" sl="42" sc="0" el="42" ec="0" bec="0" bev="0" fileid="6" />
                <SequencePoint vc="0" uspid="107" ordinal="0" offset="118" sl="43" sc="0" el="43" ec="0" bec="0" bev="0" fileid="6" />
                <SequencePoint vc="0" uspid="108" ordinal="0" offset="136" sl="44" sc="0" el="44" ec="0" bec="0" bev="0" fileid="6" />
                <SequencePoint vc="0" uspid="109" ordinal="0" offset="139" sl="46" sc="0" el="46" ec="0" bec="0" bev="0" fileid="6" />
                <SequencePoint vc="0" uspid="110" ordinal="0" offset="140" sl="47" sc="0" el="47" ec="0" bec="0" bev="0" fileid="6" />
                <SequencePoint vc="0" uspid="111" ordinal="0" offset="154" sl="48" sc="0" el="48" ec="0" bec="0" bev="0" fileid="6" />
                <SequencePoint vc="0" uspid="112" ordinal="0" offset="168" sl="49" sc="0" el="49" ec="0" bec="0" bev="0" fileid="6" />
                <SequencePoint vc="0" uspid="113" ordinal="0" offset="169" sl="51" sc="0" el="51" ec="0" bec="0" bev="0" fileid="6" />
                <SequencePoint vc="0" uspid="114" ordinal="0" offset="174" sl="53" sc="0" el="53" ec="0" bec="0" bev="0" fileid="6" />
              </SequencePoints>
              <BranchPoints />
            </Method>
            <Method visited="false" cyclomaticComplexity="8" nPathComplexity="0" sequenceCoverage="0.0" branchCoverage="0" crapScore="0" isConstructor="false" isStatic="false" isGetter="false" isSetter="false">
              <Summary numSequencePoints="0" visitedSequencePoints="0" numBranchPoints="0" visitedBranchPoints="0" sequenceCoverage="0.0" branchCoverage="0" maxCyclomaticComplexity="0" minCyclomaticComplexity="0" maxCrapScore="0" minCrapScore="0" visitedClasses="0" numClasses="0" visitedMethods="0" numMethods="0" />
              <MetadataToken>100663331</MetadataToken>
              <Name>System.Boolean com.runtime.GameDev101Jam.GameCpu::CombineAllocation(System.Collections.Generic.IDictionary[IGameCpuProcess,Single])</Name>
              <FileRef uid="6" />
              <SequencePoints>
                <SequencePoint vc="0" uspid="115" ordinal="0" offset="0" sl="55" sc="0" el="55" ec="0" bec="0" bev="0" fileid="6" />
                <SequencePoint vc="0" uspid="116" ordinal="0" offset="1" sl="56" sc="0" el="56" ec="0" bec="0" bev="0" fileid="6" />
                <SequencePoint vc="0" uspid="117" ordinal="0" offset="44" sl="57" sc="0" el="57" ec="0" bec="0" bev="0" fileid="6" />
                <SequencePoint vc="0" uspid="118" ordinal="0" offset="64" sl="58" sc="0" el="58" ec="0" bec="0" bev="0" fileid="6" />
                <SequencePoint vc="0" uspid="119" ordinal="0" offset="65" sl="59" sc="0" el="59" ec="0" bec="0" bev="0" fileid="6" />
                <SequencePoint vc="0" uspid="120" ordinal="0" offset="72" sl="62" sc="0" el="62" ec="0" bec="0" bev="0" fileid="6" />
                <SequencePoint vc="0" uspid="121" ordinal="0" offset="73" sl="63" sc="0" el="63" ec="0" bec="0" bev="0" fileid="6" />
                <SequencePoint vc="0" uspid="122" ordinal="0" offset="94" sl="64" sc="0" el="64" ec="0" bec="0" bev="0" fileid="6" />
                <SequencePoint vc="0" uspid="123" ordinal="0" offset="95" sl="65" sc="0" el="65" ec="0" bec="0" bev="0" fileid="6" />
                <SequencePoint vc="0" uspid="124" ordinal="0" offset="102" sl="67" sc="0" el="67" ec="0" bec="0" bev="0" fileid="6" />
                <SequencePoint vc="0" uspid="125" ordinal="0" offset="109" sl="70" sc="0" el="70" ec="0" bec="0" bev="0" fileid="6" />
                <SequencePoint vc="0" uspid="126" ordinal="0" offset="110" sl="70" sc="0" el="70" ec="0" bec="0" bev="0" fileid="6" />
                <SequencePoint vc="0" uspid="127" ordinal="0" offset="125" sl="70" sc="0" el="70" ec="0" bec="0" bev="0" fileid="6" />
                <SequencePoint vc="0" uspid="128" ordinal="0" offset="134" sl="71" sc="0" el="71" ec="0" bec="0" bev="0" fileid="6" />
                <SequencePoint vc="0" uspid="129" ordinal="0" offset="135" sl="72" sc="0" el="72" ec="0" bec="0" bev="0" fileid="6" />
                <SequencePoint vc="0" uspid="130" ordinal="0" offset="162" sl="73" sc="0" el="73" ec="0" bec="0" bev="0" fileid="6" />
                <SequencePoint vc="0" uspid="131" ordinal="0" offset="179" sl="74" sc="0" el="74" ec="0" bec="0" bev="0" fileid="6" />
                <SequencePoint vc="0" uspid="132" ordinal="0" offset="180" sl="70" sc="0" el="70" ec="0" bec="0" bev="0" fileid="6" />
                <SequencePoint vc="0" uspid="133" ordinal="0" offset="204" sl="75" sc="0" el="75" ec="0" bec="0" bev="0" fileid="6" />
                <SequencePoint vc="0" uspid="134" ordinal="0" offset="205" sl="75" sc="0" el="75" ec="0" bec="0" bev="0" fileid="6" />
                <SequencePoint vc="0" uspid="135" ordinal="0" offset="215" sl="75" sc="0" el="75" ec="0" bec="0" bev="0" fileid="6" />
                <SequencePoint vc="0" uspid="136" ordinal="0" offset="224" sl="76" sc="0" el="76" ec="0" bec="0" bev="0" fileid="6" />
                <SequencePoint vc="0" uspid="137" ordinal="0" offset="225" sl="77" sc="0" el="77" ec="0" bec="0" bev="0" fileid="6" />
                <SequencePoint vc="0" uspid="138" ordinal="0" offset="257" sl="78" sc="0" el="78" ec="0" bec="0" bev="0" fileid="6" />
                <SequencePoint vc="0" uspid="139" ordinal="0" offset="274" sl="79" sc="0" el="79" ec="0" bec="0" bev="0" fileid="6" />
                <SequencePoint vc="0" uspid="140" ordinal="0" offset="275" sl="75" sc="0" el="75" ec="0" bec="0" bev="0" fileid="6" />
                <SequencePoint vc="0" uspid="141" ordinal="0" offset="299" sl="80" sc="0" el="80" ec="0" bec="0" bev="0" fileid="6" />
                <SequencePoint vc="0" uspid="142" ordinal="0" offset="324" sl="81" sc="0" el="81" ec="0" bec="0" bev="0" fileid="6" />
                <SequencePoint vc="0" uspid="143" ordinal="0" offset="327" sl="83" sc="0" el="83" ec="0" bec="0" bev="0" fileid="6" />
                <SequencePoint vc="0" uspid="144" ordinal="0" offset="328" sl="84" sc="0" el="84" ec="0" bec="0" bev="0" fileid="6" />
                <SequencePoint vc="0" uspid="145" ordinal="0" offset="336" sl="85" sc="0" el="85" ec="0" bec="0" bev="0" fileid="6" />
                <SequencePoint vc="0" uspid="146" ordinal="0" offset="337" sl="86" sc="0" el="86" ec="0" bec="0" bev="0" fileid="6" />
                <SequencePoint vc="0" uspid="147" ordinal="0" offset="341" sl="88" sc="0" el="88" ec="0" bec="0" bev="0" fileid="6" />
              </SequencePoints>
              <BranchPoints />
            </Method>
            <Method visited="false" cyclomaticComplexity="2" nPathComplexity="0" sequenceCoverage="0.0" branchCoverage="0" crapScore="0" isConstructor="false" isStatic="false" isGetter="false" isSetter="false">
              <Summary numSequencePoints="0" visitedSequencePoints="0" numBranchPoints="0" visitedBranchPoints="0" sequenceCoverage="0.0" branchCoverage="0" maxCyclomaticComplexity="0" minCyclomaticComplexity="0" maxCrapScore="0" minCrapScore="0" visitedClasses="0" numClasses="0" visitedMethods="0" numMethods="0" />
              <MetadataToken>100663332</MetadataToken>
              <Name>System.Boolean com.runtime.GameDev101Jam.GameCpu::ChangeAllocationPercentage(com.runtime.GameDev101Jam.IGameCpuProcess, System.Single)</Name>
              <FileRef uid="6" />
              <SequencePoints>
                <SequencePoint vc="0" uspid="148" ordinal="0" offset="0" sl="90" sc="0" el="90" ec="0" bec="0" bev="0" fileid="6" />
                <SequencePoint vc="0" uspid="149" ordinal="0" offset="1" sl="91" sc="0" el="91" ec="0" bec="0" bev="0" fileid="6" />
                <SequencePoint vc="0" uspid="150" ordinal="0" offset="3" sl="92" sc="0" el="92" ec="0" bec="0" bev="0" fileid="6" />
                <SequencePoint vc="0" uspid="151" ordinal="0" offset="19" sl="93" sc="0" el="93" ec="0" bec="0" bev="0" fileid="6" />
                <SequencePoint vc="0" uspid="152" ordinal="0" offset="20" sl="94" sc="0" el="94" ec="0" bec="0" bev="0" fileid="6" />
                <SequencePoint vc="0" uspid="153" ordinal="0" offset="41" sl="95" sc="0" el="95" ec="0" bec="0" bev="0" fileid="6" />
                <SequencePoint vc="0" uspid="154" ordinal="0" offset="43" sl="96" sc="0" el="96" ec="0" bec="0" bev="0" fileid="6" />
                <SequencePoint vc="0" uspid="155" ordinal="0" offset="44" sl="98" sc="0" el="98" ec="0" bec="0" bev="0" fileid="6" />
                <SequencePoint vc="0" uspid="156" ordinal="0" offset="48" sl="99" sc="0" el="99" ec="0" bec="0" bev="0" fileid="6" />
              </SequencePoints>
              <BranchPoints />
            </Method>
            <Method visited="false" cyclomaticComplexity="1" nPathComplexity="0" sequenceCoverage="0.0" branchCoverage="0" crapScore="0" isConstructor="false" isStatic="false" isGetter="false" isSetter="false">
              <Summary numSequencePoints="0" visitedSequencePoints="0" numBranchPoints="0" visitedBranchPoints="0" sequenceCoverage="0.0" branchCoverage="0" maxCyclomaticComplexity="0" minCyclomaticComplexity="0" maxCrapScore="0" minCrapScore="0" visitedClasses="0" numClasses="0" visitedMethods="0" numMethods="0" />
              <MetadataToken>100663333</MetadataToken>
              <Name>System.Single com.runtime.GameDev101Jam.GameCpu::GetPowerForProcess(com.runtime.GameDev101Jam.IGameCpuProcess)</Name>
              <FileRef uid="6" />
              <SequencePoints>
                <SequencePoint vc="0" uspid="157" ordinal="0" offset="0" sl="101" sc="0" el="101" ec="0" bec="0" bev="0" fileid="6" />
                <SequencePoint vc="0" uspid="158" ordinal="0" offset="1" sl="102" sc="0" el="102" ec="0" bec="0" bev="0" fileid="6" />
                <SequencePoint vc="0" uspid="159" ordinal="0" offset="23" sl="103" sc="0" el="103" ec="0" bec="0" bev="0" fileid="6" />
              </SequencePoints>
              <BranchPoints />
            </Method>
            <Method visited="false" cyclomaticComplexity="1" nPathComplexity="0" sequenceCoverage="0.0" branchCoverage="0" crapScore="0" isConstructor="false" isStatic="false" isGetter="false" isSetter="false">
              <Summary numSequencePoints="0" visitedSequencePoints="0" numBranchPoints="0" visitedBranchPoints="0" sequenceCoverage="0.0" branchCoverage="0" maxCyclomaticComplexity="0" minCyclomaticComplexity="0" maxCrapScore="0" minCrapScore="0" visitedClasses="0" numClasses="0" visitedMethods="0" numMethods="0" />
              <MetadataToken>100663334</MetadataToken>
              <Name>System.Void com.runtime.GameDev101Jam.GameCpu::RemoveAllocation(com.runtime.GameDev101Jam.IGameCpuProcess)</Name>
              <FileRef uid="6" />
              <SequencePoints>
                <SequencePoint vc="0" uspid="160" ordinal="0" offset="0" sl="105" sc="0" el="105" ec="0" bec="0" bev="0" fileid="6" />
                <SequencePoint vc="0" uspid="161" ordinal="0" offset="1" sl="106" sc="0" el="106" ec="0" bec="0" bev="0" fileid="6" />
                <SequencePoint vc="0" uspid="162" ordinal="0" offset="14" sl="107" sc="0" el="107" ec="0" bec="0" bev="0" fileid="6" />
                <SequencePoint vc="0" uspid="163" ordinal="0" offset="27" sl="108" sc="0" el="108" ec="0" bec="0" bev="0" fileid="6" />
                <SequencePoint vc="0" uspid="164" ordinal="0" offset="41" sl="109" sc="0" el="109" ec="0" bec="0" bev="0" fileid="6" />
              </SequencePoints>
              <BranchPoints />
            </Method>
            <Method visited="false" cyclomaticComplexity="4" nPathComplexity="0" sequenceCoverage="0.0" branchCoverage="0" crapScore="0" isConstructor="false" isStatic="false" isGetter="false" isSetter="false">
              <Summary numSequencePoints="0" visitedSequencePoints="0" numBranchPoints="0" visitedBranchPoints="0" sequenceCoverage="0.0" branchCoverage="0" maxCyclomaticComplexity="0" minCyclomaticComplexity="0" maxCrapScore="0" minCrapScore="0" visitedClasses="0" numClasses="0" visitedMethods="0" numMethods="0" />
              <MetadataToken>100663335</MetadataToken>
              <Name>System.Void com.runtime.GameDev101Jam.GameCpu::ChangeAllAllocationsToFitNewValue(com.runtime.GameDev101Jam.IGameCpuProcess, System.Single, System.Single)</Name>
              <FileRef uid="6" />
              <SequencePoints>
                <SequencePoint vc="0" uspid="165" ordinal="0" offset="0" sl="112" sc="0" el="112" ec="0" bec="0" bev="0" fileid="6" />
                <SequencePoint vc="0" uspid="166" ordinal="0" offset="1" sl="113" sc="0" el="113" ec="0" bec="0" bev="0" fileid="6" />
                <SequencePoint vc="0" uspid="167" ordinal="0" offset="7" sl="115" sc="0" el="115" ec="0" bec="0" bev="0" fileid="6" />
                <SequencePoint vc="0" uspid="168" ordinal="0" offset="8" sl="115" sc="0" el="115" ec="0" bec="0" bev="0" fileid="6" />
                <SequencePoint vc="0" uspid="169" ordinal="0" offset="22" sl="115" sc="0" el="115" ec="0" bec="0" bev="0" fileid="6" />
                <SequencePoint vc="0" uspid="170" ordinal="0" offset="29" sl="116" sc="0" el="116" ec="0" bec="0" bev="0" fileid="6" />
                <SequencePoint vc="0" uspid="171" ordinal="0" offset="30" sl="117" sc="0" el="117" ec="0" bec="0" bev="0" fileid="6" />
                <SequencePoint vc="0" uspid="172" ordinal="0" offset="44" sl="118" sc="0" el="118" ec="0" bec="0" bev="0" fileid="6" />
                <SequencePoint vc="0" uspid="173" ordinal="0" offset="45" sl="119" sc="0" el="119" ec="0" bec="0" bev="0" fileid="6" />
                <SequencePoint vc="0" uspid="174" ordinal="0" offset="54" sl="120" sc="0" el="120" ec="0" bec="0" bev="0" fileid="6" />
                <SequencePoint vc="0" uspid="175" ordinal="0" offset="57" sl="122" sc="0" el="122" ec="0" bec="0" bev="0" fileid="6" />
                <SequencePoint vc="0" uspid="176" ordinal="0" offset="58" sl="123" sc="0" el="123" ec="0" bec="0" bev="0" fileid="6" />
                <SequencePoint vc="0" uspid="177" ordinal="0" offset="75" sl="124" sc="0" el="124" ec="0" bec="0" bev="0" fileid="6" />
                <SequencePoint vc="0" uspid="178" ordinal="0" offset="91" sl="125" sc="0" el="125" ec="0" bec="0" bev="0" fileid="6" />
                <SequencePoint vc="0" uspid="179" ordinal="0" offset="92" sl="126" sc="0" el="126" ec="0" bec="0" bev="0" fileid="6" />
                <SequencePoint vc="0" uspid="180" ordinal="0" offset="93" sl="115" sc="0" el="115" ec="0" bec="0" bev="0" fileid="6" />
                <SequencePoint vc="0" uspid="181" ordinal="0" offset="114" sl="128" sc="0" el="128" ec="0" bec="0" bev="0" fileid="6" />
                <SequencePoint vc="0" uspid="182" ordinal="0" offset="122" sl="129" sc="0" el="129" ec="0" bec="0" bev="0" fileid="6" />
              </SequencePoints>
              <BranchPoints />
            </Method>
            <Method visited="false" cyclomaticComplexity="1" nPathComplexity="0" sequenceCoverage="0.0" branchCoverage="0" crapScore="0" isConstructor="false" isStatic="false" isGetter="false" isSetter="false">
              <Summary numSequencePoints="0" visitedSequencePoints="0" numBranchPoints="0" visitedBranchPoints="0" sequenceCoverage="0.0" branchCoverage="0" maxCyclomaticComplexity="0" minCyclomaticComplexity="0" maxCrapScore="0" minCrapScore="0" visitedClasses="0" numClasses="0" visitedMethods="0" numMethods="0" />
              <MetadataToken>100663336</MetadataToken>
              <Name>System.Single com.runtime.GameDev101Jam.GameCpu::ModifyPercentageEvenlyToFitChange(System.Single, System.Single, System.Single)</Name>
              <FileRef uid="6" />
              <SequencePoints>
                <SequencePoint vc="0" uspid="183" ordinal="0" offset="0" sl="131" sc="0" el="131" ec="0" bec="0" bev="0" fileid="6" />
                <SequencePoint vc="0" uspid="184" ordinal="0" offset="1" sl="132" sc="0" el="132" ec="0" bec="0" bev="0" fileid="6" />
                <SequencePoint vc="0" uspid="185" ordinal="0" offset="23" sl="133" sc="0" el="133" ec="0" bec="0" bev="0" fileid="6" />
              </SequencePoints>
              <BranchPoints />
            </Method>
            <Method visited="false" cyclomaticComplexity="1" nPathComplexity="0" sequenceCoverage="0.0" branchCoverage="0" crapScore="0" isConstructor="true" isStatic="false" isGetter="false" isSetter="false">
              <Summary numSequencePoints="0" visitedSequencePoints="0" numBranchPoints="0" visitedBranchPoints="0" sequenceCoverage="0.0" branchCoverage="0" maxCyclomaticComplexity="0" minCyclomaticComplexity="0" maxCrapScore="0" minCrapScore="0" visitedClasses="0" numClasses="0" visitedMethods="0" numMethods="0" />
              <MetadataToken>100663322</MetadataToken>
              <Name>com.runtime.GameDev101Jam.GameCpu::GameCpu(System.Single, System.Single)</Name>
              <FileRef uid="6" />
              <SequencePoints>
                <SequencePoint vc="0" uspid="186" ordinal="0" offset="0" sl="23" sc="0" el="23" ec="0" bec="0" bev="0" fileid="6" />
                <SequencePoint vc="0" uspid="187" ordinal="0" offset="11" sl="11" sc="0" el="11" ec="0" bec="0" bev="0" fileid="6" />
                <SequencePoint vc="0" uspid="188" ordinal="0" offset="18" sl="12" sc="0" el="12" ec="0" bec="0" bev="0" fileid="6" />
                <SequencePoint vc="0" uspid="189" ordinal="0" offset="19" sl="13" sc="0" el="13" ec="0" bec="0" bev="0" fileid="6" />
                <SequencePoint vc="0" uspid="190" ordinal="0" offset="26" sl="14" sc="0" el="14" ec="0" bec="0" bev="0" fileid="6" />
                <SequencePoint vc="0" uspid="191" ordinal="0" offset="33" sl="15" sc="0" el="15" ec="0" bec="0" bev="0" fileid="6" />
              </SequencePoints>
              <BranchPoints />
            </Method>
            <Method visited="false" cyclomaticComplexity="1" nPathComplexity="0" sequenceCoverage="0.0" branchCoverage="0" crapScore="0" isConstructor="true" isStatic="false" isGetter="false" isSetter="false">
              <Summary numSequencePoints="0" visitedSequencePoints="0" numBranchPoints="0" visitedBranchPoints="0" sequenceCoverage="0.0" branchCoverage="0" maxCyclomaticComplexity="0" minCyclomaticComplexity="0" maxCrapScore="0" minCrapScore="0" visitedClasses="0" numClasses="0" visitedMethods="0" numMethods="0" />
              <MetadataToken>100663323</MetadataToken>
              <Name>com.runtime.GameDev101Jam.GameCpu::GameCpu(System.Single, System.Single, System.Single)</Name>
              <FileRef uid="6" />
              <SequencePoints>
                <SequencePoint vc="0" uspid="192" ordinal="0" offset="0" sl="16" sc="0" el="16" ec="0" bec="0" bev="0" fileid="6" />
                <SequencePoint vc="0" uspid="193" ordinal="0" offset="9" sl="17" sc="0" el="17" ec="0" bec="0" bev="0" fileid="6" />
                <SequencePoint vc="0" uspid="194" ordinal="0" offset="10" sl="18" sc="0" el="18" ec="0" bec="0" bev="0" fileid="6" />
                <SequencePoint vc="0" uspid="195" ordinal="0" offset="17" sl="19" sc="0" el="19" ec="0" bec="0" bev="0" fileid="6" />
              </SequencePoints>
              <BranchPoints />
            </Method>
          </Methods>
        </Class>
        <Class>
          <Summary numSequencePoints="0" visitedSequencePoints="0" numBranchPoints="0" visitedBranchPoints="0" sequenceCoverage="0" branchCoverage="0" maxCyclomaticComplexity="0" minCyclomaticComplexity="0" maxCrapScore="0" minCrapScore="0" visitedClasses="0" numClasses="0" visitedMethods="0" numMethods="0" />
          <FullName>com.runtime.GameDev101Jam.GameCpuChip</FullName>
          <Methods>
            <Method visited="false" cyclomaticComplexity="1" nPathComplexity="0" sequenceCoverage="0.0" branchCoverage="0" crapScore="0" isConstructor="false" isStatic="false" isGetter="true" isSetter="false">
              <Summary numSequencePoints="0" visitedSequencePoints="0" numBranchPoints="0" visitedBranchPoints="0" sequenceCoverage="0.0" branchCoverage="0" maxCyclomaticComplexity="0" minCyclomaticComplexity="0" maxCrapScore="0" minCrapScore="0" visitedClasses="0" numClasses="0" visitedMethods="0" numMethods="0" />
              <MetadataToken>100663339</MetadataToken>
              <Name>System.Collections.Generic.List[IGameCpu] com.runtime.GameDev101Jam.GameCpuChip::get_Cores()</Name>
              <FileRef uid="7" />
              <SequencePoints>
                <SequencePoint vc="0" uspid="196" ordinal="0" offset="0" sl="22" sc="0" el="22" ec="0" bec="0" bev="0" fileid="7" />
              </SequencePoints>
              <BranchPoints />
            </Method>
            <Method visited="false" cyclomaticComplexity="1" nPathComplexity="0" sequenceCoverage="0.0" branchCoverage="0" crapScore="0" isConstructor="true" isStatic="false" isGetter="false" isSetter="false">
              <Summary numSequencePoints="0" visitedSequencePoints="0" numBranchPoints="0" visitedBranchPoints="0" sequenceCoverage="0.0" branchCoverage="0" maxCyclomaticComplexity="0" minCyclomaticComplexity="0" maxCrapScore="0" minCrapScore="0" visitedClasses="0" numClasses="0" visitedMethods="0" numMethods="0" />
              <MetadataToken>100663337</MetadataToken>
              <Name>com.runtime.GameDev101Jam.GameCpuChip::GameCpuChip(System.Collections.Generic.List[IGameCpu])</Name>
              <FileRef uid="7" />
              <SequencePoints>
                <SequencePoint vc="0" uspid="197" ordinal="0" offset="0" sl="22" sc="0" el="22" ec="0" bec="0" bev="0" fileid="7" />
                <SequencePoint vc="0" uspid="198" ordinal="0" offset="11" sl="11" sc="0" el="11" ec="0" bec="0" bev="0" fileid="7" />
                <SequencePoint vc="0" uspid="199" ordinal="0" offset="18" sl="12" sc="0" el="12" ec="0" bec="0" bev="0" fileid="7" />
                <SequencePoint vc="0" uspid="200" ordinal="0" offset="19" sl="13" sc="0" el="13" ec="0" bec="0" bev="0" fileid="7" />
                <SequencePoint vc="0" uspid="201" ordinal="0" offset="26" sl="14" sc="0" el="14" ec="0" bec="0" bev="0" fileid="7" />
              </SequencePoints>
              <BranchPoints />
            </Method>
            <Method visited="false" cyclomaticComplexity="2" nPathComplexity="0" sequenceCoverage="0.0" branchCoverage="0" crapScore="0" isConstructor="true" isStatic="false" isGetter="false" isSetter="false">
              <Summary numSequencePoints="0" visitedSequencePoints="0" numBranchPoints="0" visitedBranchPoints="0" sequenceCoverage="0.0" branchCoverage="0" maxCyclomaticComplexity="0" minCyclomaticComplexity="0" maxCrapScore="0" minCrapScore="0" visitedClasses="0" numClasses="0" visitedMethods="0" numMethods="0" />
              <MetadataToken>100663338</MetadataToken>
              <Name>com.runtime.GameDev101Jam.GameCpuChip::GameCpuChip(com.runtime.GameDev101Jam.IGameCpu[])</Name>
              <FileRef uid="7" />
              <SequencePoints>
                <SequencePoint vc="0" uspid="202" ordinal="0" offset="0" sl="22" sc="0" el="22" ec="0" bec="0" bev="0" fileid="7" />
                <SequencePoint vc="0" uspid="203" ordinal="0" offset="11" sl="15" sc="0" el="15" ec="0" bec="0" bev="0" fileid="7" />
                <SequencePoint vc="0" uspid="204" ordinal="0" offset="18" sl="16" sc="0" el="16" ec="0" bec="0" bev="0" fileid="7" />
                <SequencePoint vc="0" uspid="205" ordinal="0" offset="19" sl="17" sc="0" el="17" ec="0" bec="0" bev="0" fileid="7" />
                <SequencePoint vc="0" uspid="206" ordinal="0" offset="20" sl="17" sc="0" el="17" ec="0" bec="0" bev="0" fileid="7" />
                <SequencePoint vc="0" uspid="207" ordinal="0" offset="26" sl="17" sc="0" el="17" ec="0" bec="0" bev="0" fileid="7" />
                <SequencePoint vc="0" uspid="208" ordinal="0" offset="30" sl="18" sc="0" el="18" ec="0" bec="0" bev="0" fileid="7" />
                <SequencePoint vc="0" uspid="209" ordinal="0" offset="31" sl="19" sc="0" el="19" ec="0" bec="0" bev="0" fileid="7" />
                <SequencePoint vc="0" uspid="210" ordinal="0" offset="44" sl="20" sc="0" el="20" ec="0" bec="0" bev="0" fileid="7" />
                <SequencePoint vc="0" uspid="211" ordinal="0" offset="49" sl="17" sc="0" el="17" ec="0" bec="0" bev="0" fileid="7" />
                <SequencePoint vc="0" uspid="212" ordinal="0" offset="55" sl="21" sc="0" el="21" ec="0" bec="0" bev="0" fileid="7" />
              </SequencePoints>
              <BranchPoints />
            </Method>
          </Methods>
        </Class>
        <Class>
          <Summary numSequencePoints="0" visitedSequencePoints="0" numBranchPoints="0" visitedBranchPoints="0" sequenceCoverage="0" branchCoverage="0" maxCyclomaticComplexity="0" minCyclomaticComplexity="0" maxCrapScore="0" minCrapScore="0" visitedClasses="0" numClasses="0" visitedMethods="0" numMethods="0" />
          <FullName>com.runtime.GameDev101Jam.GameKey</FullName>
          <Methods>
            <Method visited="false" cyclomaticComplexity="2" nPathComplexity="0" sequenceCoverage="0.0" branchCoverage="0" crapScore="0" isConstructor="false" isStatic="false" isGetter="true" isSetter="false">
              <Summary numSequencePoints="0" visitedSequencePoints="0" numBranchPoints="0" visitedBranchPoints="0" sequenceCoverage="0.0" branchCoverage="0" maxCyclomaticComplexity="0" minCyclomaticComplexity="0" maxCrapScore="0" minCrapScore="0" visitedClasses="0" numClasses="0" visitedMethods="0" numMethods="0" />
              <MetadataToken>100663358</MetadataToken>
              <Name>System.Single com.runtime.GameDev101Jam.GameKey::get_Progress()</Name>
              <FileRef uid="8" />
              <SequencePoints>
                <SequencePoint vc="0" uspid="213" ordinal="0" offset="0" sl="26" sc="0" el="26" ec="0" bec="0" bev="0" fileid="8" />
                <SequencePoint vc="0" uspid="214" ordinal="0" offset="1" sl="27" sc="0" el="27" ec="0" bec="0" bev="0" fileid="8" />
                <SequencePoint vc="0" uspid="215" ordinal="0" offset="7" sl="28" sc="0" el="28" ec="0" bec="0" bev="0" fileid="8" />
                <SequencePoint vc="0" uspid="216" ordinal="0" offset="8" sl="28" sc="0" el="28" ec="0" bec="0" bev="0" fileid="8" />
                <SequencePoint vc="0" uspid="217" ordinal="0" offset="19" sl="28" sc="0" el="28" ec="0" bec="0" bev="0" fileid="8" />
                <SequencePoint vc="0" uspid="218" ordinal="0" offset="23" sl="29" sc="0" el="29" ec="0" bec="0" bev="0" fileid="8" />
                <SequencePoint vc="0" uspid="219" ordinal="0" offset="24" sl="30" sc="0" el="30" ec="0" bec="0" bev="0" fileid="8" />
                <SequencePoint vc="0" uspid="220" ordinal="0" offset="33" sl="31" sc="0" el="31" ec="0" bec="0" bev="0" fileid="8" />
                <SequencePoint vc="0" uspid="221" ordinal="0" offset="38" sl="28" sc="0" el="28" ec="0" bec="0" bev="0" fileid="8" />
                <SequencePoint vc="0" uspid="222" ordinal="0" offset="44" sl="33" sc="0" el="33" ec="0" bec="0" bev="0" fileid="8" />
                <SequencePoint vc="0" uspid="223" ordinal="0" offset="56" sl="34" sc="0" el="34" ec="0" bec="0" bev="0" fileid="8" />
                <SequencePoint vc="0" uspid="224" ordinal="0" offset="61" sl="35" sc="0" el="35" ec="0" bec="0" bev="0" fileid="8" />
              </SequencePoints>
              <BranchPoints />
            </Method>
            <Method visited="false" cyclomaticComplexity="2" nPathComplexity="0" sequenceCoverage="0.0" branchCoverage="0" crapScore="0" isConstructor="false" isStatic="false" isGetter="true" isSetter="false">
              <Summary numSequencePoints="0" visitedSequencePoints="0" numBranchPoints="0" visitedBranchPoints="0" sequenceCoverage="0.0" branchCoverage="0" maxCyclomaticComplexity="0" minCyclomaticComplexity="0" maxCrapScore="0" minCrapScore="0" visitedClasses="0" numClasses="0" visitedMethods="0" numMethods="0" />
              <MetadataToken>100663359</MetadataToken>
              <Name>System.String com.runtime.GameDev101Jam.GameKey::get_PasswordString()</Name>
              <FileRef uid="8" />
              <SequencePoints>
                <SequencePoint vc="0" uspid="225" ordinal="0" offset="0" sl="41" sc="0" el="41" ec="0" bec="0" bev="0" fileid="8" />
                <SequencePoint vc="0" uspid="226" ordinal="0" offset="1" sl="42" sc="0" el="42" ec="0" bec="0" bev="0" fileid="8" />
                <SequencePoint vc="0" uspid="227" ordinal="0" offset="7" sl="43" sc="0" el="43" ec="0" bec="0" bev="0" fileid="8" />
                <SequencePoint vc="0" uspid="228" ordinal="0" offset="8" sl="43" sc="0" el="43" ec="0" bec="0" bev="0" fileid="8" />
                <SequencePoint vc="0" uspid="229" ordinal="0" offset="19" sl="43" sc="0" el="43" ec="0" bec="0" bev="0" fileid="8" />
                <SequencePoint vc="0" uspid="230" ordinal="0" offset="23" sl="44" sc="0" el="44" ec="0" bec="0" bev="0" fileid="8" />
                <SequencePoint vc="0" uspid="231" ordinal="0" offset="24" sl="45" sc="0" el="45" ec="0" bec="0" bev="0" fileid="8" />
                <SequencePoint vc="0" uspid="232" ordinal="0" offset="37" sl="46" sc="0" el="46" ec="0" bec="0" bev="0" fileid="8" />
                <SequencePoint vc="0" uspid="233" ordinal="0" offset="42" sl="43" sc="0" el="43" ec="0" bec="0" bev="0" fileid="8" />
                <SequencePoint vc="0" uspid="234" ordinal="0" offset="48" sl="48" sc="0" el="48" ec="0" bec="0" bev="0" fileid="8" />
                <SequencePoint vc="0" uspid="235" ordinal="0" offset="58" sl="49" sc="0" el="49" ec="0" bec="0" bev="0" fileid="8" />
              </SequencePoints>
              <BranchPoints />
            </Method>
            <Method visited="false" cyclomaticComplexity="1" nPathComplexity="0" sequenceCoverage="0.0" branchCoverage="0" crapScore="0" isConstructor="false" isStatic="false" isGetter="true" isSetter="false">
              <Summary numSequencePoints="0" visitedSequencePoints="0" numBranchPoints="0" visitedBranchPoints="0" sequenceCoverage="0.0" branchCoverage="0" maxCyclomaticComplexity="0" minCyclomaticComplexity="0" maxCrapScore="0" minCrapScore="0" visitedClasses="0" numClasses="0" visitedMethods="0" numMethods="0" />
              <MetadataToken>100663360</MetadataToken>
              <Name>System.Boolean com.runtime.GameDev101Jam.GameKey::get_IsCracked()</Name>
              <FileRef uid="8" />
              <SequencePoints>
                <SequencePoint vc="0" uspid="236" ordinal="0" offset="0" sl="52" sc="0" el="52" ec="0" bec="0" bev="0" fileid="8" />
              </SequencePoints>
              <BranchPoints />
            </Method>
            <Method visited="false" cyclomaticComplexity="2" nPathComplexity="0" sequenceCoverage="0.0" branchCoverage="0" crapScore="0" isConstructor="false" isStatic="false" isGetter="false" isSetter="false">
              <Summary numSequencePoints="0" visitedSequencePoints="0" numBranchPoints="0" visitedBranchPoints="0" sequenceCoverage="0.0" branchCoverage="0" maxCyclomaticComplexity="0" minCyclomaticComplexity="0" maxCrapScore="0" minCrapScore="0" visitedClasses="0" numClasses="0" visitedMethods="0" numMethods="0" />
              <MetadataToken>100663361</MetadataToken>
              <Name>System.Void com.runtime.GameDev101Jam.GameKey::Crack(System.Single)</Name>
              <FileRef uid="8" />
              <SequencePoints>
                <SequencePoint vc="0" uspid="237" ordinal="0" offset="0" sl="55" sc="0" el="55" ec="0" bec="0" bev="0" fileid="8" />
                <SequencePoint vc="0" uspid="238" ordinal="0" offset="1" sl="56" sc="0" el="56" ec="0" bec="0" bev="0" fileid="8" />
                <SequencePoint vc="0" uspid="239" ordinal="0" offset="5" sl="57" sc="0" el="57" ec="0" bec="0" bev="0" fileid="8" />
                <SequencePoint vc="0" uspid="240" ordinal="0" offset="6" sl="58" sc="0" el="58" ec="0" bec="0" bev="0" fileid="8" />
                <SequencePoint vc="0" uspid="241" ordinal="0" offset="27" sl="59" sc="0" el="59" ec="0" bec="0" bev="0" fileid="8" />
                <SequencePoint vc="0" uspid="242" ordinal="0" offset="28" sl="56" sc="0" el="56" ec="0" bec="0" bev="0" fileid="8" />
                <SequencePoint vc="0" uspid="243" ordinal="0" offset="32" sl="56" sc="0" el="56" ec="0" bec="0" bev="0" fileid="8" />
                <SequencePoint vc="0" uspid="244" ordinal="0" offset="47" sl="60" sc="0" el="60" ec="0" bec="0" bev="0" fileid="8" />
              </SequencePoints>
              <BranchPoints />
            </Method>
            <Method visited="false" cyclomaticComplexity="1" nPathComplexity="0" sequenceCoverage="0.0" branchCoverage="0" crapScore="0" isConstructor="false" isStatic="false" isGetter="false" isSetter="false">
              <Summary numSequencePoints="0" visitedSequencePoints="0" numBranchPoints="0" visitedBranchPoints="0" sequenceCoverage="0.0" branchCoverage="0" maxCyclomaticComplexity="0" minCyclomaticComplexity="0" maxCrapScore="0" minCrapScore="0" visitedClasses="0" numClasses="0" visitedMethods="0" numMethods="0" />
              <MetadataToken>100663362</MetadataToken>
              <Name>System.Single com.runtime.GameDev101Jam.GameKey::GenerateProgress(System.Single)</Name>
              <FileRef uid="8" />
              <SequencePoints>
                <SequencePoint vc="0" uspid="245" ordinal="0" offset="0" sl="63" sc="0" el="63" ec="0" bec="0" bev="0" fileid="8" />
                <SequencePoint vc="0" uspid="246" ordinal="0" offset="1" sl="64" sc="0" el="64" ec="0" bec="0" bev="0" fileid="8" />
                <SequencePoint vc="0" uspid="247" ordinal="0" offset="25" sl="65" sc="0" el="65" ec="0" bec="0" bev="0" fileid="8" />
              </SequencePoints>
              <BranchPoints />
            </Method>
            <Method visited="true" cyclomaticComplexity="2" nPathComplexity="0" sequenceCoverage="80.0" branchCoverage="0" crapScore="0" isConstructor="false" isStatic="false" isGetter="false" isSetter="false">
              <Summary numSequencePoints="0" visitedSequencePoints="0" numBranchPoints="0" visitedBranchPoints="0" sequenceCoverage="80.0" branchCoverage="0" maxCyclomaticComplexity="0" minCyclomaticComplexity="0" maxCrapScore="0" minCrapScore="0" visitedClasses="0" numClasses="0" visitedMethods="0" numMethods="0" />
              <MetadataToken>100663363</MetadataToken>
              <Name>System.Void com.runtime.GameDev101Jam.GameKey::CheckDifficultyError(System.Single)</Name>
              <FileRef uid="8" />
              <SequencePoints>
                <SequencePoint vc="2" uspid="248" ordinal="0" offset="0" sl="67" sc="9" el="67" ec="9" bec="0" bev="0" fileid="8" />
                <SequencePoint vc="2" uspid="249" ordinal="0" offset="1" sl="68" sc="13" el="68" ec="13" bec="0" bev="0" fileid="8" />
                <SequencePoint vc="2" uspid="250" ordinal="0" offset="16" sl="69" sc="13" el="69" ec="13" bec="0" bev="0" fileid="8" />
                <SequencePoint vc="2" uspid="251" ordinal="0" offset="17" sl="70" sc="17" el="70" ec="17" bec="0" bev="0" fileid="8" />
                <SequencePoint vc="0" uspid="252" ordinal="0" offset="28" sl="72" sc="9" el="72" ec="9" bec="0" bev="0" fileid="8" />
              </SequencePoints>
              <BranchPoints />
            </Method>
            <Method visited="true" cyclomaticComplexity="1" nPathComplexity="0" sequenceCoverage="50.0" branchCoverage="0" crapScore="0" isConstructor="true" isStatic="false" isGetter="false" isSetter="false">
              <Summary numSequencePoints="0" visitedSequencePoints="0" numBranchPoints="0" visitedBranchPoints="0" sequenceCoverage="50.0" branchCoverage="0" maxCyclomaticComplexity="0" minCyclomaticComplexity="0" maxCrapScore="0" minCrapScore="0" visitedClasses="0" numClasses="0" visitedMethods="0" numMethods="0" />
              <MetadataToken>100663357</MetadataToken>
              <Name>com.runtime.GameDev101Jam.GameKey::GameKey(com.runtime.GameDev101Jam.IGameKeyPart[], System.Single)</Name>
              <FileRef uid="8" />
              <SequencePoints>
                <SequencePoint vc="2" uspid="253" ordinal="0" offset="0" sl="16" sc="9" el="16" ec="9" bec="0" bev="0" fileid="8" />
                <SequencePoint vc="2" uspid="254" ordinal="0" offset="7" sl="17" sc="9" el="17" ec="9" bec="0" bev="0" fileid="8" />
                <SequencePoint vc="2" uspid="255" ordinal="0" offset="8" sl="18" sc="13" el="18" ec="13" bec="0" bev="0" fileid="8" />
                <SequencePoint vc="0" uspid="256" ordinal="0" offset="16" sl="19" sc="13" el="19" ec="13" bec="0" bev="0" fileid="8" />
                <SequencePoint vc="0" uspid="257" ordinal="0" offset="23" sl="20" sc="13" el="20" ec="13" bec="0" bev="0" fileid="8" />
                <SequencePoint vc="0" uspid="258" ordinal="0" offset="30" sl="21" sc="9" el="21" ec="9" bec="0" bev="0" fileid="8" />
              </SequencePoints>
              <BranchPoints />
            </Method>
          </Methods>
        </Class>
        <Class>
[...]
              </SequencePoints>
              <BranchPoints />
            </Method>
            <Method visited="false" cyclomaticComplexity="3" nPathComplexity="0" sequenceCoverage="0.0" branchCoverage="0" crapScore="0" isConstructor="true" isStatic="false" isGetter="false" isSetter="false">
              <Summary numSequencePoints="0" visitedSequencePoints="0" numBranchPoints="0" visitedBranchPoints="0" sequenceCoverage="0.0" branchCoverage="0" maxCyclomaticComplexity="0" minCyclomaticComplexity="0" maxCrapScore="0" minCrapScore="0" visitedClasses="0" numClasses="0" visitedMethods="0" numMethods="0" />
              <MetadataToken>100663501</MetadataToken>
              <Name>com.runtime.GameDev101Jam.PortNode::PortNode(com.runtime.GameDev101Jam.PlayablePasswordSetting)</Name>
              <FileRef uid="24" />
              <SequencePoints>
                <SequencePoint vc="0" uspid="700" ordinal="0" offset="0" sl="24" sc="0" el="24" ec="0" bec="0" bev="0" fileid="24" />
                <SequencePoint vc="0" uspid="701" ordinal="0" offset="7" sl="25" sc="0" el="25" ec="0" bec="0" bev="0" fileid="24" />
                <SequencePoint vc="0" uspid="702" ordinal="0" offset="8" sl="26" sc="0" el="26" ec="0" bec="0" bev="0" fileid="24" />
                <SequencePoint vc="0" uspid="703" ordinal="0" offset="14" sl="27" sc="0" el="27" ec="0" bec="0" bev="0" fileid="24" />
                <SequencePoint vc="0" uspid="704" ordinal="0" offset="34" sl="28" sc="0" el="28" ec="0" bec="0" bev="0" fileid="24" />
                <SequencePoint vc="0" uspid="705" ordinal="0" offset="61" sl="29" sc="0" el="29" ec="0" bec="0" bev="0" fileid="24" />
                <SequencePoint vc="0" uspid="706" ordinal="0" offset="65" sl="30" sc="0" el="30" ec="0" bec="0" bev="0" fileid="24" />
                <SequencePoint vc="0" uspid="707" ordinal="0" offset="70" sl="31" sc="0" el="31" ec="0" bec="0" bev="0" fileid="24" />
                <SequencePoint vc="0" uspid="708" ordinal="0" offset="71" sl="32" sc="0" el="32" ec="0" bec="0" bev="0" fileid="24" />
                <SequencePoint vc="0" uspid="709" ordinal="0" offset="80" sl="33" sc="0" el="33" ec="0" bec="0" bev="0" fileid="24" />
                <SequencePoint vc="0" uspid="710" ordinal="0" offset="86" sl="34" sc="0" el="34" ec="0" bec="0" bev="0" fileid="24" />
                <SequencePoint vc="0" uspid="711" ordinal="0" offset="105" sl="35" sc="0" el="35" ec="0" bec="0" bev="0" fileid="24" />
                <SequencePoint vc="0" uspid="712" ordinal="0" offset="106" sl="36" sc="0" el="36" ec="0" bec="0" bev="0" fileid="24" />
                <SequencePoint vc="0" uspid="713" ordinal="0" offset="122" sl="37" sc="0" el="37" ec="0" bec="0" bev="0" fileid="24" />
                <SequencePoint vc="0" uspid="714" ordinal="0" offset="138" sl="38" sc="0" el="38" ec="0" bec="0" bev="0" fileid="24" />
                <SequencePoint vc="0" uspid="715" ordinal="0" offset="141" sl="40" sc="0" el="40" ec="0" bec="0" bev="0" fileid="24" />
                <SequencePoint vc="0" uspid="716" ordinal="0" offset="142" sl="41" sc="0" el="41" ec="0" bec="0" bev="0" fileid="24" />
                <SequencePoint vc="0" uspid="717" ordinal="0" offset="151" sl="42" sc="0" el="42" ec="0" bec="0" bev="0" fileid="24" />
                <SequencePoint vc="0" uspid="718" ordinal="0" offset="152" sl="43" sc="0" el="43" ec="0" bec="0" bev="0" fileid="24" />
                <SequencePoint vc="0" uspid="719" ordinal="0" offset="153" sl="30" sc="0" el="30" ec="0" bec="0" bev="0" fileid="24" />
                <SequencePoint vc="0" uspid="720" ordinal="0" offset="159" sl="30" sc="0" el="30" ec="0" bec="0" bev="0" fileid="24" />
                <SequencePoint vc="0" uspid="721" ordinal="0" offset="170" sl="44" sc="0" el="44" ec="0" bec="0" bev="0" fileid="24" />
                <SequencePoint vc="0" uspid="722" ordinal="0" offset="199" sl="45" sc="0" el="45" ec="0" bec="0" bev="0" fileid="24" />
              </SequencePoints>
              <BranchPoints />
            </Method>
            <Method visited="false" cyclomaticComplexity="1" nPathComplexity="0" sequenceCoverage="0.0" branchCoverage="0" crapScore="0" isConstructor="true" isStatic="false" isGetter="false" isSetter="false">
              <Summary numSequencePoints="0" visitedSequencePoints="0" numBranchPoints="0" visitedBranchPoints="0" sequenceCoverage="0.0" branchCoverage="0" maxCyclomaticComplexity="0" minCyclomaticComplexity="0" maxCrapScore="0" minCrapScore="0" visitedClasses="0" numClasses="0" visitedMethods="0" numMethods="0" />
              <MetadataToken>100663502</MetadataToken>
              <Name>com.runtime.GameDev101Jam.PortNode::PortNode(com.runtime.GameDev101Jam.PlayablePasswordSetting, System.String, System.Single, System.Boolean, System.Boolean)</Name>
              <FileRef uid="24" />
              <SequencePoints>
                <SequencePoint vc="0" uspid="723" ordinal="0" offset="0" sl="47" sc="0" el="47" ec="0" bec="0" bev="0" fileid="24" />
                <SequencePoint vc="0" uspid="724" ordinal="0" offset="8" sl="48" sc="0" el="48" ec="0" bec="0" bev="0" fileid="24" />
                <SequencePoint vc="0" uspid="725" ordinal="0" offset="9" sl="49" sc="0" el="49" ec="0" bec="0" bev="0" fileid="24" />
                <SequencePoint vc="0" uspid="726" ordinal="0" offset="16" sl="50" sc="0" el="50" ec="0" bec="0" bev="0" fileid="24" />
                <SequencePoint vc="0" uspid="727" ordinal="0" offset="23" sl="51" sc="0" el="51" ec="0" bec="0" bev="0" fileid="24" />
                <SequencePoint vc="0" uspid="728" ordinal="0" offset="31" sl="52" sc="0" el="52" ec="0" bec="0" bev="0" fileid="24" />
                <SequencePoint vc="0" uspid="729" ordinal="0" offset="39" sl="53" sc="0" el="53" ec="0" bec="0" bev="0" fileid="24" />
              </SequencePoints>
              <BranchPoints />
            </Method>
          </Methods>
        </Class>
        <Class>
          <Summary numSequencePoints="0" visitedSequencePoints="0" numBranchPoints="0" visitedBranchPoints="0" sequenceCoverage="0" branchCoverage="0" maxCyclomaticComplexity="0" minCyclomaticComplexity="0" maxCrapScore="0" minCrapScore="0" visitedClasses="0" numClasses="0" visitedMethods="0" numMethods="0" />
          <FullName>com.runtime.GameDev101Jam.PortScanner</FullName>
          <Methods>
            <Method visited="false" cyclomaticComplexity="5" nPathComplexity="0" sequenceCoverage="0.0" branchCoverage="0" crapScore="0" isConstructor="false" isStatic="false" isGetter="false" isSetter="false">
              <Summary numSequencePoints="0" visitedSequencePoints="0" numBranchPoints="0" visitedBranchPoints="0" sequenceCoverage="0.0" branchCoverage="0" maxCyclomaticComplexity="0" minCyclomaticComplexity="0" maxCrapScore="0" minCrapScore="0" visitedClasses="0" numClasses="0" visitedMethods="0" numMethods="0" />
              <MetadataToken>100663511</MetadataToken>
              <Name>System.Void com.runtime.GameDev101Jam.PortScanner::ScanForPorts(com.runtime.GameDev101Jam.PortNode, System.Single, com.runtime.GameDev101Jam.Inventory, com.runtime.GameDev101Jam.PasswordBreakerLegacy)</Name>
              <FileRef uid="25" />
              <SequencePoints>
                <SequencePoint vc="0" uspid="730" ordinal="0" offset="0" sl="12" sc="0" el="12" ec="0" bec="0" bev="0" fileid="25" />
                <SequencePoint vc="0" uspid="731" ordinal="0" offset="1" sl="13" sc="0" el="13" ec="0" bec="0" bev="0" fileid="25" />
                <SequencePoint vc="0" uspid="732" ordinal="0" offset="30" sl="14" sc="0" el="14" ec="0" bec="0" bev="0" fileid="25" />
                <SequencePoint vc="0" uspid="733" ordinal="0" offset="31" sl="15" sc="0" el="15" ec="0" bec="0" bev="0" fileid="25" />
                <SequencePoint vc="0" uspid="734" ordinal="0" offset="41" sl="16" sc="0" el="16" ec="0" bec="0" bev="0" fileid="25" />
                <SequencePoint vc="0" uspid="735" ordinal="0" offset="42" sl="18" sc="0" el="18" ec="0" bec="0" bev="0" fileid="25" />
                <SequencePoint vc="0" uspid="736" ordinal="0" offset="57" sl="19" sc="0" el="19" ec="0" bec="0" bev="0" fileid="25" />
                <SequencePoint vc="0" uspid="737" ordinal="0" offset="58" sl="20" sc="0" el="20" ec="0" bec="0" bev="0" fileid="25" />
                <SequencePoint vc="0" uspid="738" ordinal="0" offset="59" sl="20" sc="0" el="20" ec="0" bec="0" bev="0" fileid="25" />
                <SequencePoint vc="0" uspid="739" ordinal="0" offset="73" sl="20" sc="0" el="20" ec="0" bec="0" bev="0" fileid="25" />
                <SequencePoint vc="0" uspid="740" ordinal="0" offset="81" sl="21" sc="0" el="21" ec="0" bec="0" bev="0" fileid="25" />
                <SequencePoint vc="0" uspid="741" ordinal="0" offset="82" sl="22" sc="0" el="22" ec="0" bec="0" bev="0" fileid="25" />
                <SequencePoint vc="0" uspid="742" ordinal="0" offset="94" sl="23" sc="0" el="23" ec="0" bec="0" bev="0" fileid="25" />
                <SequencePoint vc="0" uspid="743" ordinal="0" offset="95" sl="20" sc="0" el="20" ec="0" bec="0" bev="0" fileid="25" />
                <SequencePoint vc="0" uspid="744" ordinal="0" offset="121" sl="24" sc="0" el="24" ec="0" bec="0" bev="0" fileid="25" />
                <SequencePoint vc="0" uspid="745" ordinal="0" offset="122" sl="25" sc="0" el="25" ec="0" bec="0" bev="0" fileid="25" />
              </SequencePoints>
              <BranchPoints />
            </Method>
          </Methods>
        </Class>
        <Class>
          <Summary numSequencePoints="0" visitedSequencePoints="0" numBranchPoints="0" visitedBranchPoints="0" sequenceCoverage="0" branchCoverage="0" maxCyclomaticComplexity="0" minCyclomaticComplexity="0" maxCrapScore="0" minCrapScore="0" visitedClasses="0" numClasses="0" visitedMethods="0" numMethods="0" />
          <FullName>com.runtime.GameDev101Jam.RandomExtensions</FullName>
          <Methods>
            <Method visited="false" cyclomaticComplexity="1" nPathComplexity="0" sequenceCoverage="0.0" branchCoverage="0" crapScore="0" isConstructor="false" isStatic="true" isGetter="false" isSetter="false">
              <Summary numSequencePoints="0" visitedSequencePoints="0" numBranchPoints="0" visitedBranchPoints="0" sequenceCoverage="0.0" branchCoverage="0" maxCyclomaticComplexity="0" minCyclomaticComplexity="0" maxCrapScore="0" minCrapScore="0" visitedClasses="0" numClasses="0" visitedMethods="0" numMethods="0" />
              <MetadataToken>100663513</MetadataToken>
              <Name>static System.Single com.runtime.GameDev101Jam.RandomExtensions::NextFloat(System.Random, System.Single, System.Single)</Name>
              <FileRef uid="26" />
              <SequencePoints>
                <SequencePoint vc="0" uspid="746" ordinal="0" offset="0" sl="15" sc="0" el="15" ec="0" bec="0" bev="0" fileid="26" />
                <SequencePoint vc="0" uspid="747" ordinal="0" offset="1" sl="16" sc="0" el="16" ec="0" bec="0" bev="0" fileid="26" />
                <SequencePoint vc="0" uspid="748" ordinal="0" offset="17" sl="17" sc="0" el="17" ec="0" bec="0" bev="0" fileid="26" />
              </SequencePoints>
              <BranchPoints />
            </Method>
          </Methods>
        </Class>
        <Class>
          <Summary numSequencePoints="0" visitedSequencePoints="0" numBranchPoints="0" visitedBranchPoints="0" sequenceCoverage="0" branchCoverage="0" maxCyclomaticComplexity="0" minCyclomaticComplexity="0" maxCrapScore="0" minCrapScore="0" visitedClasses="0" numClasses="0" visitedMethods="0" numMethods="0" />
          <FullName>com.runtime.GameDev101Jam.RotateBehaviour</FullName>
          <Methods>
            <Method visited="false" cyclomaticComplexity="1" nPathComplexity="0" sequenceCoverage="0.0" branchCoverage="0" crapScore="0" isConstructor="false" isStatic="false" isGetter="false" isSetter="false">
              <Summary numSequencePoints="0" visitedSequencePoints="0" numBranchPoints="0" visitedBranchPoints="0" sequenceCoverage="0.0" branchCoverage="0" maxCyclomaticComplexity="0" minCyclomaticComplexity="0" maxCrapScore="0" minCrapScore="0" visitedClasses="0" numClasses="0" visitedMethods="0" numMethods="0" />
              <MetadataToken>100663514</MetadataToken>
              <Name>System.Void com.runtime.GameDev101Jam.RotateBehaviour::Start()</Name>
              <FileRef uid="27" />
              <SequencePoints>
                <SequencePoint vc="0" uspid="749" ordinal="0" offset="0" sl="10" sc="0" el="10" ec="0" bec="0" bev="0" fileid="27" />
                <SequencePoint vc="0" uspid="750" ordinal="0" offset="1" sl="11" sc="0" el="11" ec="0" bec="0" bev="0" fileid="27" />
                <SequencePoint vc="0" uspid="751" ordinal="0" offset="17" sl="12" sc="0" el="12" ec="0" bec="0" bev="0" fileid="27" />
                <SequencePoint vc="0" uspid="752" ordinal="0" offset="48" sl="13" sc="0" el="13" ec="0" bec="0" bev="0" fileid="27" />
              </SequencePoints>
              <BranchPoints />
            </Method>
            <Method visited="false" cyclomaticComplexity="1" nPathComplexity="0" sequenceCoverage="0.0" branchCoverage="0" crapScore="0" isConstructor="false" isStatic="false" isGetter="false" isSetter="false">
              <Summary numSequencePoints="0" visitedSequencePoints="0" numBranchPoints="0" visitedBranchPoints="0" sequenceCoverage="0.0" branchCoverage="0" maxCyclomaticComplexity="0" minCyclomaticComplexity="0" maxCrapScore="0" minCrapScore="0" visitedClasses="0" numClasses="0" visitedMethods="0" numMethods="0" />
              <MetadataToken>100663515</MetadataToken>
              <Name>System.Void com.runtime.GameDev101Jam.RotateBehaviour::FixedUpdate()</Name>
              <FileRef uid="27" />
              <SequencePoints>
                <SequencePoint vc="0" uspid="753" ordinal="0" offset="0" sl="16" sc="0" el="16" ec="0" bec="0" bev="0" fileid="27" />
                <SequencePoint vc="0" uspid="754" ordinal="0" offset="1" sl="17" sc="0" el="17" ec="0" bec="0" bev="0" fileid="27" />
                <SequencePoint vc="0" uspid="755" ordinal="0" offset="44" sl="18" sc="0" el="18" ec="0" bec="0" bev="0" fileid="27" />
              </SequencePoints>
              <BranchPoints />
            </Method>
          </Methods>
        </Class>
        <Class>
          <Summary numSequencePoints="0" visitedSequencePoints="0" numBranchPoints="0" visitedBranchPoints="0" sequenceCoverage="0" branchCoverage="0" maxCyclomaticComplexity="0" minCyclomaticComplexity="0" maxCrapScore="0" minCrapScore="0" visitedClasses="0" numClasses="0" visitedMethods="0" numMethods="0" />
          <FullName>com.runtime.GameDev101Jam.GameCpu/&lt;&gt;c</FullName>
          <Methods>
            <Method visited="false" cyclomaticComplexity="1" nPathComplexity="0" sequenceCoverage="0.0" branchCoverage="0" crapScore="0" isConstructor="false" isStatic="false" isGetter="false" isSetter="false">
              <Summary numSequencePoints="0" visitedSequencePoints="0" numBranchPoints="0" visitedBranchPoints="0" sequenceCoverage="0.0" branchCoverage="0" maxCyclomaticComplexity="0" minCyclomaticComplexity="0" maxCrapScore="0" minCrapScore="0" visitedClasses="0" numClasses="0" visitedMethods="0" numMethods="0" />
              <MetadataToken>100663531</MetadataToken>
              <Name>System.Single com.runtime.GameDev101Jam.GameCpu/&lt;&gt;c::&lt;get_CurrentCapacity&gt;b__13_0(com.runtime.GameDev101Jam.IGameCpuProcess)</Name>
              <FileRef uid="6" />
              <SequencePoints>
                <SequencePoint vc="0" uspid="756" ordinal="0" offset="0" sl="24" sc="0" el="24" ec="0" bec="0" bev="0" fileid="6" />
              </SequencePoints>
              <BranchPoints />
            </Method>
            <Method visited="false" cyclomaticComplexity="1" nPathComplexity="0" sequenceCoverage="0.0" branchCoverage="0" crapScore="0" isConstructor="false" isStatic="false" isGetter="false" isSetter="false">
              <Summary numSequencePoints="0" visitedSequencePoints="0" numBranchPoints="0" visitedBranchPoints="0" sequenceCoverage="0.0" branchCoverage="0" maxCyclomaticComplexity="0" minCyclomaticComplexity="0" maxCrapScore="0" minCrapScore="0" visitedClasses="0" numClasses="0" visitedMethods="0" numMethods="0" />
              <MetadataToken>100663532</MetadataToken>
              <Name>System.Single com.runtime.GameDev101Jam.GameCpu/&lt;&gt;c::&lt;CombineAllocation&gt;b__18_0(com.runtime.GameDev101Jam.IGameCpuProcess)</Name>
              <FileRef uid="6" />
              <SequencePoints>
                <SequencePoint vc="0" uspid="757" ordinal="0" offset="0" sl="56" sc="0" el="56" ec="0" bec="0" bev="0" fileid="6" />
              </SequencePoints>
              <BranchPoints />
            </Method>
          </Methods>
        </Class>
        <Class>
          <Summary numSequencePoints="0" visitedSequencePoints="0" numBranchPoints="0" visitedBranchPoints="0" sequenceCoverage="0" branchCoverage="0" maxCyclomaticComplexity="0" minCyclomaticComplexity="0" maxCrapScore="0" minCrapScore="0" visitedClasses="0" numClasses="0" visitedMethods="0" numMethods="0" />
          <FullName>com.runtime.GameDev101Jam.PlayablePassword/&lt;&gt;c</FullName>
          <Methods>
            <Method visited="false" cyclomaticComplexity="1" nPathComplexity="0" sequenceCoverage="0.0" branchCoverage="0" crapScore="0" isConstructor="false" isStatic="false" isGetter="false" isSetter="false">
              <Summary numSequencePoints="0" visitedSequencePoints="0" numBranchPoints="0" visitedBranchPoints="0" sequenceCoverage="0.0" branchCoverage="0" maxCyclomaticComplexity="0" minCyclomaticComplexity="0" maxCrapScore="0" minCrapScore="0" visitedClasses="0" numClasses="0" visitedMethods="0" numMethods="0" />
              <MetadataToken>100663535</MetadataToken>
              <Name>System.Boolean com.runtime.GameDev101Jam.PlayablePassword/&lt;&gt;c::&lt;get_IsBroken&gt;b__13_0(System.Single)</Name>
              <FileRef uid="15" />
              <SequencePoints>
                <SequencePoint vc="0" uspid="758" ordinal="0" offset="0" sl="50" sc="0" el="50" ec="0" bec="0" bev="0" fileid="15" />
              </SequencePoints>
              <BranchPoints />
            </Method>
          </Methods>
        </Class>
        <Class>
          <Summary numSequencePoints="0" visitedSequencePoints="0" numBranchPoints="0" visitedBranchPoints="0" sequenceCoverage="0" branchCoverage="0" maxCyclomaticComplexity="0" minCyclomaticComplexity="0" maxCrapScore="0" minCrapScore="0" visitedClasses="0" numClasses="0" visitedMethods="0" numMethods="0" />
          <FullName>com.runtime.GameDev101Jam.Player/&lt;&gt;c</FullName>
          <Methods>
            <Method visited="false" cyclomaticComplexity="1" nPathComplexity="0" sequenceCoverage="0.0" branchCoverage="0" crapScore="0" isConstructor="false" isStatic="false" isGetter="false" isSetter="false">
              <Summary numSequencePoints="0" visitedSequencePoints="0" numBranchPoints="0" visitedBranchPoints="0" sequenceCoverage="0.0" branchCoverage="0" maxCyclomaticComplexity="0" minCyclomaticComplexity="0" maxCrapScore="0" minCrapScore="0" visitedClasses="0" numClasses="0" visitedMethods="0" numMethods="0" />
              <MetadataToken>100663542</MetadataToken>
              <Name>System.Boolean com.runtime.GameDev101Jam.Player/&lt;&gt;c::&lt;UpdateAllRunningProcesses&gt;b__15_0(com.runtime.GameDev101Jam.IGameCpuProcess)</Name>
              <FileRef uid="20" />
              <SequencePoints>
                <SequencePoint vc="0" uspid="759" ordinal="0" offset="0" sl="46" sc="0" el="46" ec="0" bec="0" bev="0" fileid="20" />
              </SequencePoints>
              <BranchPoints />
            </Method>
          </Methods>
        </Class>
      </Classes>
    </Module>
  </Modules>
</CoverageSession>